2026-01-04 15:08:37,759 - runpod_main - INFO - Logging to: /workspace/bot2026/logs/training_20260104_150837.log
2026-01-04 15:08:37,761 - runpod_main - INFO - ============================================================
2026-01-04 15:08:37,763 - runpod_main - INFO - RunPod Training Pipeline
2026-01-04 15:08:37,766 - runpod_main - INFO - ============================================================
2026-01-04 15:08:37,767 - runpod_main - INFO - Project path: /workspace/bot2026
2026-01-04 15:08:37,769 - runpod_main - INFO - Dataset: ADA-EUR_1H_20230101-20251231
2026-01-04 15:08:37,770 - runpod_main - INFO - ============================================================
2026-01-04 15:08:37,772 - runpod_main - INFO - Pre-flight Validation
2026-01-04 15:08:37,774 - runpod_main - INFO - ============================================================
2026-01-04 15:08:37,776 - runpod_main - INFO - Checking disk space...
2026-01-04 15:08:37,778 - runpod_main - INFO -   ✓ Disk space: 196639.70 GB free
2026-01-04 15:08:37,780 - runpod_main - INFO - Checking memory...
2026-01-04 15:08:37,848 - runpod_main - INFO -   ✓ Memory: 184.34 GB available
2026-01-04 15:08:37,851 - runpod_main - INFO - Checking GPU...
2026-01-04 15:08:47,885 - runpod_main - INFO -   ✓ GPU: NVIDIA GeForce RTX 4090
2026-01-04 15:08:47,887 - runpod_main - INFO - Checking network connectivity...
2026-01-04 15:08:47,953 - runpod_main - INFO -   ✓ Network: Connected to GitHub
2026-01-04 15:08:47,954 - runpod_main - INFO - Checking dataset...
2026-01-04 15:08:49,213 - runpod_main - INFO -   ✓ Dataset: ADA-EUR_1H_20230101-20251231.csv found
2026-01-04 15:08:49,215 - runpod_main - INFO - Checking dependencies...
2026-01-04 15:08:52,851 - runpod_main - INFO - Checking write permissions...
2026-01-04 15:08:52,859 - runpod_main - INFO - ============================================================
2026-01-04 15:08:52,861 - runpod_main - INFO - ✓ All pre-flight checks passed
2026-01-04 15:08:52,862 - runpod_main - INFO - ============================================================
2026-01-04 15:08:52,864 - runpod_main - INFO - Starting training pipeline...
2026-01-04 15:08:52,866 - runpod_main - INFO - ============================================================
2026-01-04 15:08:52,870 - runpod_main - INFO - Executing training script...
