2026-01-05 08:07:02,198 - runpod_main - INFO - Logging to: /workspace/bot2026/logs/training_20260105_080702.log
2026-01-05 08:07:02,198 - runpod_main - INFO - ============================================================
2026-01-05 08:07:02,199 - runpod_main - INFO - RunPod Training Pipeline
2026-01-05 08:07:02,199 - runpod_main - INFO - ============================================================
2026-01-05 08:07:02,199 - runpod_main - INFO - Project path: /workspace/bot2026
2026-01-05 08:07:02,200 - runpod_main - INFO - Dataset: SOL-EUR_1H_20230101-20251231
2026-01-05 08:07:02,200 - runpod_main - INFO - ============================================================
2026-01-05 08:07:02,200 - runpod_main - INFO - Pre-flight Validation
2026-01-05 08:07:02,204 - runpod_main - INFO - ============================================================
2026-01-05 08:07:02,204 - runpod_main - INFO - Checking disk space...
2026-01-05 08:07:02,205 - runpod_main - INFO -   ✓ Disk space: 194566.68 GB free
2026-01-05 08:07:02,205 - runpod_main - INFO - Checking memory...
2026-01-05 08:07:02,213 - runpod_main - INFO -   ✓ Memory: 867.67 GB available
2026-01-05 08:07:02,213 - runpod_main - INFO - Checking GPU...
2026-01-05 08:07:03,468 - runpod_main - INFO -   ✓ GPU: NVIDIA GeForce RTX 4090
2026-01-05 08:07:03,468 - runpod_main - INFO - Checking network connectivity...
2026-01-05 08:07:03,515 - runpod_main - INFO -   ✓ Network: Connected to GitHub
2026-01-05 08:07:03,515 - runpod_main - INFO - Checking dataset...
2026-01-05 08:07:03,643 - runpod_main - INFO -   ✓ Dataset: SOL-EUR_1H_20230101-20251231.csv found
2026-01-05 08:07:03,643 - runpod_main - INFO - Checking dependencies...
2026-01-05 08:07:03,643 - runpod_main - DEBUG -   ✓ torch
2026-01-05 08:07:03,853 - matplotlib - DEBUG - matplotlib data path: /usr/local/lib/python3.11/dist-packages/matplotlib/mpl-data
2026-01-05 08:07:03,857 - matplotlib - DEBUG - CONFIGDIR=/root/.config/matplotlib
2026-01-05 08:07:03,858 - matplotlib - DEBUG - interactive is False
2026-01-05 08:07:03,858 - matplotlib - DEBUG - platform is linux
2026-01-05 08:07:03,877 - matplotlib - DEBUG - CACHEDIR=/root/.cache/matplotlib
2026-01-05 08:07:03,877 - matplotlib.font_manager - DEBUG - Using fontManager instance from /root/.cache/matplotlib/fontlist-v390.json
2026-01-05 08:07:04,050 - runpod_main - DEBUG -   ✓ stable_baselines3
2026-01-05 08:07:04,050 - runpod_main - DEBUG -   ✓ pandas
2026-01-05 08:07:04,051 - runpod_main - DEBUG -   ✓ numpy
2026-01-05 08:07:04,051 - runpod_main - INFO - Checking write permissions...
2026-01-05 08:07:04,052 - runpod_main - DEBUG -   ✓ models/: writable
2026-01-05 08:07:04,053 - runpod_main - DEBUG -   ✓ models/: writable
2026-01-05 08:07:04,053 - runpod_main - DEBUG -   ✓ checkpoints/: writable
2026-01-05 08:07:04,054 - runpod_main - INFO - ============================================================
2026-01-05 08:07:04,054 - runpod_main - INFO - ✓ All pre-flight checks passed
2026-01-05 08:07:04,054 - runpod_main - INFO - ============================================================
2026-01-05 08:07:04,054 - runpod_main - INFO - Starting training pipeline...
2026-01-05 08:07:04,055 - runpod_main - INFO - ============================================================
2026-01-05 08:07:04,055 - runpod_main - INFO - Executing training script...
2026-01-05 08:09:19,029 - runpod_main - ERROR - Training script exited with code 1
