2026-01-04 15:38:38,351 - runpod_main - INFO - Logging to: /workspace/bot2026/logs/training_20260104_153838.log
2026-01-04 15:38:38,353 - runpod_main - INFO - ============================================================
2026-01-04 15:38:38,355 - runpod_main - INFO - RunPod Training Pipeline
2026-01-04 15:38:38,357 - runpod_main - INFO - ============================================================
2026-01-04 15:38:38,358 - runpod_main - INFO - Project path: /workspace/bot2026
2026-01-04 15:38:38,360 - runpod_main - INFO - Dataset: SOL-EUR_1H_20230101-20251231.csv
2026-01-04 15:38:38,361 - runpod_main - INFO - ============================================================
2026-01-04 15:38:38,362 - runpod_main - INFO - Pre-flight Validation
2026-01-04 15:38:38,364 - runpod_main - INFO - ============================================================
2026-01-04 15:38:38,365 - runpod_main - INFO - Checking disk space...
2026-01-04 15:38:38,367 - runpod_main - INFO -   ✓ Disk space: 196634.22 GB free
2026-01-04 15:38:38,368 - runpod_main - INFO - Checking memory...
2026-01-04 15:38:38,438 - runpod_main - INFO -   ✓ Memory: 177.75 GB available
2026-01-04 15:38:38,440 - runpod_main - INFO - Checking GPU...
2026-01-04 15:38:48,450 - runpod_main - INFO -   ✓ GPU: NVIDIA GeForce RTX 4090
2026-01-04 15:38:48,452 - runpod_main - INFO - Checking network connectivity...
2026-01-04 15:38:48,513 - runpod_main - INFO -   ✓ Network: Connected to GitHub
2026-01-04 15:38:48,516 - runpod_main - INFO - Checking dataset...
2026-01-04 15:38:48,528 - runpod_main - ERROR -   ✗ Dataset: SOL-EUR_1H_20230101-20251231.csv.csv not found
2026-01-04 15:38:48,530 - runpod_main - INFO - Checking dependencies...
2026-01-04 15:38:53,341 - runpod_main - INFO - Checking write permissions...
2026-01-04 15:38:53,350 - runpod_main - INFO - ============================================================
2026-01-04 15:38:53,352 - runpod_main - WARNING - ⚠ Some pre-flight checks failed
2026-01-04 15:38:53,354 - runpod_main - ERROR - Pre-flight validation failed. Use --skip-validation to continue anyway.
