2026-01-04 13:40:01,703 - runpod_main - INFO - Logging to: /workspace/bot2026/logs/training_20260104_134001.log
2026-01-04 13:40:01,705 - runpod_main - INFO - ============================================================
2026-01-04 13:40:01,706 - runpod_main - INFO - RunPod Training Pipeline
2026-01-04 13:40:01,708 - runpod_main - INFO - ============================================================
2026-01-04 13:40:01,710 - runpod_main - INFO - Project path: /workspace/bot2026
2026-01-04 13:40:01,712 - runpod_main - INFO - Dataset: ADA-EUR_1H_20230101-20251231
2026-01-04 13:40:01,714 - runpod_main - INFO - ============================================================
2026-01-04 13:40:01,715 - runpod_main - INFO - Pre-flight Validation
2026-01-04 13:40:01,717 - runpod_main - INFO - ============================================================
2026-01-04 13:40:01,719 - runpod_main - INFO - Checking disk space...
2026-01-04 13:40:01,721 - runpod_main - INFO -   ✓ Disk space: 196484.98 GB free
2026-01-04 13:40:01,722 - runpod_main - INFO - Checking memory...
2026-01-04 13:40:01,793 - runpod_main - INFO -   ✓ Memory: 167.06 GB available
2026-01-04 13:40:01,795 - runpod_main - INFO - Checking GPU...
2026-01-04 13:40:11,775 - runpod_main - INFO -   ✓ GPU: NVIDIA GeForce RTX 4090
2026-01-04 13:40:11,777 - runpod_main - INFO - Checking network connectivity...
2026-01-04 13:40:11,839 - runpod_main - INFO -   ✓ Network: Connected to GitHub
2026-01-04 13:40:11,841 - runpod_main - INFO - Checking dataset...
2026-01-04 13:40:13,097 - runpod_main - INFO -   ✓ Dataset: ADA-EUR_1H_20230101-20251231.csv found
2026-01-04 13:40:13,102 - runpod_main - INFO - Checking dependencies...
2026-01-04 13:40:16,821 - runpod_main - INFO - Checking write permissions...
2026-01-04 13:40:16,831 - runpod_main - INFO - ============================================================
2026-01-04 13:40:16,833 - runpod_main - INFO - ✓ All pre-flight checks passed
2026-01-04 13:40:16,835 - runpod_main - INFO - ============================================================
2026-01-04 13:40:16,836 - runpod_main - INFO - Starting training pipeline...
2026-01-04 13:40:16,838 - runpod_main - INFO - ============================================================
2026-01-04 13:40:16,841 - runpod_main - INFO - Executing training script...
