2026-01-05 07:57:10,416 - runpod_main - INFO - Logging to: /workspace/bot2026/logs/training_20260105_075710.log
2026-01-05 07:57:10,417 - runpod_main - INFO - ============================================================
2026-01-05 07:57:10,417 - runpod_main - INFO - RunPod Training Pipeline
2026-01-05 07:57:10,417 - runpod_main - INFO - ============================================================
2026-01-05 07:57:10,418 - runpod_main - INFO - Project path: /workspace/bot2026
2026-01-05 07:57:10,418 - runpod_main - INFO - Dataset: SOL-EUR_1H_20230101-20251231
2026-01-05 07:57:10,419 - runpod_main - INFO - ============================================================
2026-01-05 07:57:10,419 - runpod_main - INFO - Pre-flight Validation
2026-01-05 07:57:10,419 - runpod_main - INFO - ============================================================
2026-01-05 07:57:10,420 - runpod_main - INFO - Checking disk space...
2026-01-05 07:57:10,420 - runpod_main - INFO -   ✓ Disk space: 194768.47 GB free
2026-01-05 07:57:10,421 - runpod_main - INFO - Checking memory...
2026-01-05 07:57:10,429 - runpod_main - INFO -   ✓ Memory: 866.76 GB available
2026-01-05 07:57:10,430 - runpod_main - INFO - Checking GPU...
2026-01-05 07:57:11,697 - runpod_main - INFO -   ✓ GPU: NVIDIA GeForce RTX 4090
2026-01-05 07:57:11,697 - runpod_main - INFO - Checking network connectivity...
2026-01-05 07:57:11,745 - runpod_main - INFO -   ✓ Network: Connected to GitHub
2026-01-05 07:57:11,745 - runpod_main - INFO - Checking dataset...
2026-01-05 07:57:11,875 - runpod_main - INFO -   ✓ Dataset: SOL-EUR_1H_20230101-20251231.csv found
2026-01-05 07:57:11,876 - runpod_main - INFO - Checking dependencies...
2026-01-05 07:57:11,876 - runpod_main - DEBUG -   ✓ torch
2026-01-05 07:57:12,084 - matplotlib - DEBUG - matplotlib data path: /usr/local/lib/python3.11/dist-packages/matplotlib/mpl-data
2026-01-05 07:57:12,088 - matplotlib - DEBUG - CONFIGDIR=/root/.config/matplotlib
2026-01-05 07:57:12,089 - matplotlib - DEBUG - interactive is False
2026-01-05 07:57:12,090 - matplotlib - DEBUG - platform is linux
2026-01-05 07:57:12,108 - matplotlib - DEBUG - CACHEDIR=/root/.cache/matplotlib
2026-01-05 07:57:12,109 - matplotlib.font_manager - DEBUG - Using fontManager instance from /root/.cache/matplotlib/fontlist-v390.json
2026-01-05 07:57:12,277 - runpod_main - DEBUG -   ✓ stable_baselines3
2026-01-05 07:57:12,278 - runpod_main - DEBUG -   ✓ pandas
2026-01-05 07:57:12,278 - runpod_main - DEBUG -   ✓ numpy
2026-01-05 07:57:12,279 - runpod_main - INFO - Checking write permissions...
2026-01-05 07:57:12,280 - runpod_main - DEBUG -   ✓ models/: writable
2026-01-05 07:57:12,280 - runpod_main - DEBUG -   ✓ models/: writable
2026-01-05 07:57:12,281 - runpod_main - DEBUG -   ✓ checkpoints/: writable
2026-01-05 07:57:12,282 - runpod_main - INFO - ============================================================
2026-01-05 07:57:12,282 - runpod_main - INFO - ✓ All pre-flight checks passed
2026-01-05 07:57:12,282 - runpod_main - INFO - ============================================================
2026-01-05 07:57:12,283 - runpod_main - INFO - Starting training pipeline...
2026-01-05 07:57:12,283 - runpod_main - INFO - ============================================================
2026-01-05 07:57:12,283 - runpod_main - INFO - Executing training script...
2026-01-05 08:01:01,360 - runpod_main - INFO - ============================================================
2026-01-05 08:01:01,361 - runpod_main - INFO - Training pipeline completed successfully!
2026-01-05 08:01:01,362 - runpod_main - INFO - ============================================================
