2026-01-05 12:02:37,530 - runpod_main - INFO - Logging to: /workspace/bot2026/logs/training_20260105_120237.log
2026-01-05 12:02:37,530 - runpod_main - INFO - ============================================================
2026-01-05 12:02:37,530 - runpod_main - INFO - RunPod Training Pipeline
2026-01-05 12:02:37,530 - runpod_main - INFO - ============================================================
2026-01-05 12:02:37,531 - runpod_main - INFO - Project path: /workspace/bot2026
2026-01-05 12:02:37,531 - runpod_main - INFO - Dataset: SOL-EUR_1H_20230101-20251231
2026-01-05 12:02:37,531 - runpod_main - INFO - ============================================================
2026-01-05 12:02:37,531 - runpod_main - INFO - Pre-flight Validation
2026-01-05 12:02:37,532 - runpod_main - INFO - ============================================================
2026-01-05 12:02:37,532 - runpod_main - INFO - Checking disk space...
2026-01-05 12:02:37,532 - runpod_main - INFO -   ✓ Disk space: 191495.85 GB free
2026-01-05 12:02:37,533 - runpod_main - INFO - Checking memory...
2026-01-05 12:02:37,540 - runpod_main - INFO -   ✓ Memory: 222.42 GB available
2026-01-05 12:02:37,541 - runpod_main - INFO - Checking GPU...
2026-01-05 12:02:38,852 - runpod_main - INFO -   ✓ GPU: NVIDIA GeForce RTX 4090
2026-01-05 12:02:38,853 - runpod_main - INFO - Checking network connectivity...
2026-01-05 12:02:38,896 - runpod_main - INFO -   ✓ Network: Connected to GitHub
2026-01-05 12:02:38,896 - runpod_main - INFO - Checking dataset...
2026-01-05 12:02:39,041 - runpod_main - INFO -   ✓ Dataset: SOL-EUR_1H_20230101-20251231.csv found
2026-01-05 12:02:39,041 - runpod_main - INFO - Checking dependencies...
2026-01-05 12:02:39,042 - runpod_main - DEBUG -   ✓ torch
2026-01-05 12:02:39,259 - matplotlib - DEBUG - matplotlib data path: /usr/local/lib/python3.11/dist-packages/matplotlib/mpl-data
2026-01-05 12:02:39,263 - matplotlib - DEBUG - CONFIGDIR=/root/.config/matplotlib
2026-01-05 12:02:39,264 - matplotlib - DEBUG - interactive is False
2026-01-05 12:02:39,265 - matplotlib - DEBUG - platform is linux
2026-01-05 12:02:39,284 - matplotlib - DEBUG - CACHEDIR=/root/.cache/matplotlib
2026-01-05 12:02:39,285 - matplotlib.font_manager - DEBUG - Using fontManager instance from /root/.cache/matplotlib/fontlist-v390.json
2026-01-05 12:02:39,474 - runpod_main - DEBUG -   ✓ stable_baselines3
2026-01-05 12:02:39,474 - runpod_main - DEBUG -   ✓ pandas
2026-01-05 12:02:39,474 - runpod_main - DEBUG -   ✓ numpy
2026-01-05 12:02:39,475 - runpod_main - INFO - Checking write permissions...
2026-01-05 12:02:39,475 - runpod_main - DEBUG -   ✓ models/: writable
2026-01-05 12:02:39,476 - runpod_main - DEBUG -   ✓ models/: writable
2026-01-05 12:02:39,476 - runpod_main - DEBUG -   ✓ checkpoints/: writable
2026-01-05 12:02:39,477 - runpod_main - INFO - ============================================================
2026-01-05 12:02:39,477 - runpod_main - INFO - ✓ All pre-flight checks passed
2026-01-05 12:02:39,477 - runpod_main - INFO - ============================================================
2026-01-05 12:02:39,478 - runpod_main - INFO - Starting training pipeline...
2026-01-05 12:02:39,478 - runpod_main - INFO - ============================================================
2026-01-05 12:02:39,479 - runpod_main - INFO - Executing training script...
