2026-01-04 08:52:52,612 - runpod_main - INFO - Logging to: /workspace/bot2026/logs/training_20260104_085252.log
2026-01-04 08:52:52,613 - runpod_main - INFO - ============================================================
2026-01-04 08:52:52,614 - runpod_main - INFO - RunPod Training Pipeline
2026-01-04 08:52:52,616 - runpod_main - INFO - ============================================================
2026-01-04 08:52:52,617 - runpod_main - INFO - Project path: /workspace/bot2026
2026-01-04 08:52:52,618 - runpod_main - INFO - Dataset: ADA-EUR_1H_20240101-20251231
2026-01-04 08:52:52,619 - runpod_main - INFO - ============================================================
2026-01-04 08:52:52,620 - runpod_main - INFO - Pre-flight Validation
2026-01-04 08:52:52,621 - runpod_main - INFO - ============================================================
2026-01-04 08:52:52,622 - runpod_main - INFO - Checking disk space...
2026-01-04 08:52:52,624 - runpod_main - INFO -   ✓ Disk space: 195571.18 GB free
2026-01-04 08:52:52,625 - runpod_main - INFO - Checking memory...
2026-01-04 08:52:52,693 - runpod_main - INFO -   ✓ Memory: 201.70 GB available
2026-01-04 08:52:52,694 - runpod_main - INFO - Checking GPU...
2026-01-04 08:53:02,663 - runpod_main - INFO -   ✓ GPU: NVIDIA GeForce RTX 4090
2026-01-04 08:53:02,664 - runpod_main - INFO - Checking network connectivity...
2026-01-04 08:53:02,726 - runpod_main - INFO -   ✓ Network: Connected to GitHub
2026-01-04 08:53:02,727 - runpod_main - INFO - Checking dataset...
2026-01-04 08:53:03,952 - runpod_main - INFO -   ✓ Dataset: ADA-EUR_1H_20240101-20251231.csv found
2026-01-04 08:53:03,953 - runpod_main - INFO - Checking dependencies...
2026-01-04 08:53:03,955 - runpod_main - DEBUG -   ✓ torch
2026-01-04 08:53:05,612 - matplotlib - DEBUG - matplotlib data path: /usr/local/lib/python3.11/dist-packages/matplotlib/mpl-data
2026-01-04 08:53:05,647 - matplotlib - DEBUG - CONFIGDIR=/root/.config/matplotlib
2026-01-04 08:53:05,654 - matplotlib - DEBUG - interactive is False
2026-01-04 08:53:05,657 - matplotlib - DEBUG - platform is linux
2026-01-04 08:53:05,822 - matplotlib - DEBUG - CACHEDIR=/root/.cache/matplotlib
2026-01-04 08:53:05,829 - matplotlib.font_manager - DEBUG - Using fontManager instance from /root/.cache/matplotlib/fontlist-v390.json
2026-01-04 08:53:07,526 - runpod_main - DEBUG -   ✓ stable_baselines3
2026-01-04 08:53:07,527 - runpod_main - DEBUG -   ✓ pandas
2026-01-04 08:53:07,529 - runpod_main - DEBUG -   ✓ numpy
2026-01-04 08:53:07,530 - runpod_main - INFO - Checking write permissions...
2026-01-04 08:53:07,533 - runpod_main - DEBUG -   ✓ models/: writable
2026-01-04 08:53:07,536 - runpod_main - DEBUG -   ✓ models/: writable
2026-01-04 08:53:07,538 - runpod_main - DEBUG -   ✓ checkpoints/: writable
2026-01-04 08:53:07,540 - runpod_main - INFO - ============================================================
2026-01-04 08:53:07,541 - runpod_main - INFO - ✓ All pre-flight checks passed
2026-01-04 08:53:07,542 - runpod_main - INFO - ============================================================
2026-01-04 08:53:07,543 - runpod_main - INFO - Starting training pipeline...
2026-01-04 08:53:07,545 - runpod_main - INFO - ============================================================
2026-01-04 08:53:07,547 - runpod_main - INFO - Executing training script...
