2026-01-04 13:49:59,176 - runpod_main - INFO - Logging to: /workspace/bot2026/logs/training_20260104_134959.log
2026-01-04 13:49:59,178 - runpod_main - INFO - ============================================================
2026-01-04 13:49:59,179 - runpod_main - INFO - RunPod Training Pipeline
2026-01-04 13:49:59,180 - runpod_main - INFO - ============================================================
2026-01-04 13:49:59,182 - runpod_main - INFO - Project path: /workspace/bot2026
2026-01-04 13:49:59,184 - runpod_main - INFO - Dataset: ADA-EUR_1H_20230101-20251231
2026-01-04 13:49:59,185 - runpod_main - INFO - ============================================================
2026-01-04 13:49:59,186 - runpod_main - INFO - Pre-flight Validation
2026-01-04 13:49:59,187 - runpod_main - INFO - ============================================================
2026-01-04 13:49:59,188 - runpod_main - INFO - Checking disk space...
2026-01-04 13:49:59,190 - runpod_main - INFO -   ✓ Disk space: 196406.41 GB free
2026-01-04 13:49:59,191 - runpod_main - INFO - Checking memory...
2026-01-04 13:49:59,262 - runpod_main - INFO -   ✓ Memory: 168.49 GB available
2026-01-04 13:49:59,264 - runpod_main - INFO - Checking GPU...
2026-01-04 13:50:09,154 - runpod_main - INFO -   ✓ GPU: NVIDIA GeForce RTX 4090
2026-01-04 13:50:09,156 - runpod_main - INFO - Checking network connectivity...
2026-01-04 13:50:09,214 - runpod_main - INFO -   ✓ Network: Connected to GitHub
2026-01-04 13:50:09,216 - runpod_main - INFO - Checking dataset...
2026-01-04 13:50:10,520 - runpod_main - INFO -   ✓ Dataset: ADA-EUR_1H_20230101-20251231.csv found
2026-01-04 13:50:10,522 - runpod_main - INFO - Checking dependencies...
2026-01-04 13:50:14,159 - runpod_main - INFO - Checking write permissions...
2026-01-04 13:50:14,168 - runpod_main - INFO - ============================================================
2026-01-04 13:50:14,170 - runpod_main - INFO - ✓ All pre-flight checks passed
2026-01-04 13:50:14,172 - runpod_main - INFO - ============================================================
2026-01-04 13:50:14,174 - runpod_main - INFO - Starting training pipeline...
2026-01-04 13:50:14,175 - runpod_main - INFO - ============================================================
2026-01-04 13:50:14,179 - runpod_main - INFO - Executing training script...
