2026-01-04 09:36:33,028 - runpod_main - INFO - Logging to: /workspace/bot2026/logs/training_20260104_093633.log
2026-01-04 09:36:33,031 - runpod_main - INFO - ============================================================
2026-01-04 09:36:33,032 - runpod_main - INFO - RunPod Training Pipeline
2026-01-04 09:36:33,034 - runpod_main - INFO - ============================================================
2026-01-04 09:36:33,035 - runpod_main - INFO - Project path: /workspace/bot2026
2026-01-04 09:36:33,036 - runpod_main - INFO - Dataset: ADA-EUR_1H_20240101-20251231
2026-01-04 09:36:33,038 - runpod_main - INFO - ============================================================
2026-01-04 09:36:33,039 - runpod_main - INFO - Pre-flight Validation
2026-01-04 09:36:33,040 - runpod_main - INFO - ============================================================
2026-01-04 09:36:33,041 - runpod_main - INFO - Checking disk space...
2026-01-04 09:36:33,043 - runpod_main - INFO -   ✓ Disk space: 195429.09 GB free
2026-01-04 09:36:33,045 - runpod_main - INFO - Checking memory...
2026-01-04 09:36:33,121 - runpod_main - INFO -   ✓ Memory: 208.99 GB available
2026-01-04 09:36:33,122 - runpod_main - INFO - Checking GPU...
2026-01-04 09:36:43,385 - runpod_main - INFO -   ✓ GPU: NVIDIA GeForce RTX 4090
2026-01-04 09:36:43,387 - runpod_main - INFO - Checking network connectivity...
2026-01-04 09:36:43,448 - runpod_main - INFO -   ✓ Network: Connected to GitHub
2026-01-04 09:36:43,449 - runpod_main - INFO - Checking dataset...
2026-01-04 09:36:44,689 - runpod_main - INFO -   ✓ Dataset: ADA-EUR_1H_20240101-20251231.csv found
2026-01-04 09:36:44,691 - runpod_main - INFO - Checking dependencies...
2026-01-04 09:36:44,693 - runpod_main - DEBUG -   ✓ torch
2026-01-04 09:36:46,372 - matplotlib - DEBUG - matplotlib data path: /usr/local/lib/python3.11/dist-packages/matplotlib/mpl-data
2026-01-04 09:36:46,408 - matplotlib - DEBUG - CONFIGDIR=/root/.config/matplotlib
2026-01-04 09:36:46,415 - matplotlib - DEBUG - interactive is False
2026-01-04 09:36:46,417 - matplotlib - DEBUG - platform is linux
2026-01-04 09:36:46,580 - matplotlib - DEBUG - CACHEDIR=/root/.cache/matplotlib
2026-01-04 09:36:46,586 - matplotlib.font_manager - DEBUG - Using fontManager instance from /root/.cache/matplotlib/fontlist-v390.json
2026-01-04 09:36:48,271 - runpod_main - DEBUG -   ✓ stable_baselines3
2026-01-04 09:36:48,272 - runpod_main - DEBUG -   ✓ pandas
2026-01-04 09:36:48,273 - runpod_main - DEBUG -   ✓ numpy
2026-01-04 09:36:48,274 - runpod_main - INFO - Checking write permissions...
2026-01-04 09:36:48,277 - runpod_main - DEBUG -   ✓ models/: writable
2026-01-04 09:36:48,280 - runpod_main - DEBUG -   ✓ models/: writable
2026-01-04 09:36:48,282 - runpod_main - DEBUG -   ✓ checkpoints/: writable
2026-01-04 09:36:48,283 - runpod_main - INFO - ============================================================
2026-01-04 09:36:48,284 - runpod_main - INFO - ✓ All pre-flight checks passed
2026-01-04 09:36:48,285 - runpod_main - INFO - ============================================================
2026-01-04 09:36:48,286 - runpod_main - INFO - Starting training pipeline...
2026-01-04 09:36:48,287 - runpod_main - INFO - ============================================================
2026-01-04 09:36:48,289 - runpod_main - INFO - Executing training script...
2026-01-04 10:25:04,572 - runpod_main - INFO - ============================================================
2026-01-04 10:25:04,575 - runpod_main - INFO - Training pipeline completed successfully!
2026-01-04 10:25:04,576 - runpod_main - INFO - ============================================================
