2026-01-05 08:13:09,981 - runpod_main - INFO - Logging to: /workspace/bot2026/logs/training_20260105_081309.log
2026-01-05 08:13:09,982 - runpod_main - INFO - ============================================================
2026-01-05 08:13:09,982 - runpod_main - INFO - RunPod Training Pipeline
2026-01-05 08:13:09,982 - runpod_main - INFO - ============================================================
2026-01-05 08:13:09,983 - runpod_main - INFO - Project path: /workspace/bot2026
2026-01-05 08:13:09,983 - runpod_main - INFO - Dataset: SOL-EUR_1H_20230101-20251231
2026-01-05 08:13:09,983 - runpod_main - INFO - ============================================================
2026-01-05 08:13:09,984 - runpod_main - INFO - Pre-flight Validation
2026-01-05 08:13:09,984 - runpod_main - INFO - ============================================================
2026-01-05 08:13:09,985 - runpod_main - INFO - Checking disk space...
2026-01-05 08:13:09,985 - runpod_main - INFO -   ✓ Disk space: 194335.19 GB free
2026-01-05 08:13:09,986 - runpod_main - INFO - Checking memory...
2026-01-05 08:13:09,994 - runpod_main - INFO -   ✓ Memory: 867.28 GB available
2026-01-05 08:13:09,994 - runpod_main - INFO - Checking GPU...
2026-01-05 08:13:11,274 - runpod_main - INFO -   ✓ GPU: NVIDIA GeForce RTX 4090
2026-01-05 08:13:11,275 - runpod_main - INFO - Checking network connectivity...
2026-01-05 08:13:11,324 - runpod_main - INFO -   ✓ Network: Connected to GitHub
2026-01-05 08:13:11,325 - runpod_main - INFO - Checking dataset...
2026-01-05 08:13:11,489 - runpod_main - INFO -   ✓ Dataset: SOL-EUR_1H_20230101-20251231.csv found
2026-01-05 08:13:11,489 - runpod_main - INFO - Checking dependencies...
2026-01-05 08:13:11,490 - runpod_main - DEBUG -   ✓ torch
2026-01-05 08:13:11,711 - matplotlib - DEBUG - matplotlib data path: /usr/local/lib/python3.11/dist-packages/matplotlib/mpl-data
2026-01-05 08:13:11,716 - matplotlib - DEBUG - CONFIGDIR=/root/.config/matplotlib
2026-01-05 08:13:11,717 - matplotlib - DEBUG - interactive is False
2026-01-05 08:13:11,718 - matplotlib - DEBUG - platform is linux
2026-01-05 08:13:11,736 - matplotlib - DEBUG - CACHEDIR=/root/.cache/matplotlib
2026-01-05 08:13:11,737 - matplotlib.font_manager - DEBUG - Using fontManager instance from /root/.cache/matplotlib/fontlist-v390.json
2026-01-05 08:13:11,902 - runpod_main - DEBUG -   ✓ stable_baselines3
2026-01-05 08:13:11,905 - runpod_main - DEBUG -   ✓ pandas
2026-01-05 08:13:11,906 - runpod_main - DEBUG -   ✓ numpy
2026-01-05 08:13:11,907 - runpod_main - INFO - Checking write permissions...
2026-01-05 08:13:11,908 - runpod_main - DEBUG -   ✓ models/: writable
2026-01-05 08:13:11,909 - runpod_main - DEBUG -   ✓ models/: writable
2026-01-05 08:13:11,910 - runpod_main - DEBUG -   ✓ checkpoints/: writable
2026-01-05 08:13:11,910 - runpod_main - INFO - ============================================================
2026-01-05 08:13:11,911 - runpod_main - INFO - ✓ All pre-flight checks passed
2026-01-05 08:13:11,911 - runpod_main - INFO - ============================================================
2026-01-05 08:13:11,912 - runpod_main - INFO - Starting training pipeline...
2026-01-05 08:13:11,912 - runpod_main - INFO - ============================================================
2026-01-05 08:13:11,913 - runpod_main - INFO - Executing training script...
