2026-01-04 15:40:09,015 - runpod_main - INFO - Logging to: /workspace/bot2026/logs/training_20260104_154009.log
2026-01-04 15:40:09,017 - runpod_main - INFO - ============================================================
2026-01-04 15:40:09,019 - runpod_main - INFO - RunPod Training Pipeline
2026-01-04 15:40:09,020 - runpod_main - INFO - ============================================================
2026-01-04 15:40:09,022 - runpod_main - INFO - Project path: /workspace/bot2026
2026-01-04 15:40:09,024 - runpod_main - INFO - Dataset: SOL-EUR_1H_20230101-20251231
2026-01-04 15:40:09,025 - runpod_main - INFO - ============================================================
2026-01-04 15:40:09,027 - runpod_main - INFO - Pre-flight Validation
2026-01-04 15:40:09,028 - runpod_main - INFO - ============================================================
2026-01-04 15:40:09,030 - runpod_main - INFO - Checking disk space...
2026-01-04 15:40:09,033 - runpod_main - INFO -   ✓ Disk space: 196577.36 GB free
2026-01-04 15:40:09,035 - runpod_main - INFO - Checking memory...
2026-01-04 15:40:09,106 - runpod_main - INFO -   ✓ Memory: 177.70 GB available
2026-01-04 15:40:09,108 - runpod_main - INFO - Checking GPU...
2026-01-04 15:40:19,067 - runpod_main - INFO -   ✓ GPU: NVIDIA GeForce RTX 4090
2026-01-04 15:40:19,069 - runpod_main - INFO - Checking network connectivity...
2026-01-04 15:40:19,132 - runpod_main - INFO -   ✓ Network: Connected to GitHub
2026-01-04 15:40:19,134 - runpod_main - INFO - Checking dataset...
2026-01-04 15:40:20,369 - runpod_main - INFO -   ✓ Dataset: SOL-EUR_1H_20230101-20251231.csv found
2026-01-04 15:40:20,372 - runpod_main - INFO - Checking dependencies...
2026-01-04 15:40:23,902 - runpod_main - INFO - Checking write permissions...
2026-01-04 15:40:23,910 - runpod_main - INFO - ============================================================
2026-01-04 15:40:23,912 - runpod_main - INFO - ✓ All pre-flight checks passed
2026-01-04 15:40:23,915 - runpod_main - INFO - ============================================================
2026-01-04 15:40:23,916 - runpod_main - INFO - Starting training pipeline...
2026-01-04 15:40:23,918 - runpod_main - INFO - ============================================================
2026-01-04 15:40:23,922 - runpod_main - INFO - Executing training script...
