2026-01-04 12:59:54,862 - runpod_main - INFO - Logging to: /workspace/bot2026/logs/training_20260104_125954.log
2026-01-04 12:59:54,864 - runpod_main - INFO - ============================================================
2026-01-04 12:59:54,865 - runpod_main - INFO - RunPod Training Pipeline
2026-01-04 12:59:54,866 - runpod_main - INFO - ============================================================
2026-01-04 12:59:54,868 - runpod_main - INFO - Project path: /workspace/bot2026
2026-01-04 12:59:54,869 - runpod_main - INFO - Dataset: ADA-EUR_1H_20230101-20251231
2026-01-04 12:59:54,870 - runpod_main - INFO - ============================================================
2026-01-04 12:59:54,871 - runpod_main - INFO - Pre-flight Validation
2026-01-04 12:59:54,872 - runpod_main - INFO - ============================================================
2026-01-04 12:59:54,873 - runpod_main - INFO - Checking disk space...
2026-01-04 12:59:54,875 - runpod_main - INFO -   ✓ Disk space: 195594.76 GB free
2026-01-04 12:59:54,876 - runpod_main - INFO - Checking memory...
2026-01-04 12:59:54,945 - runpod_main - INFO -   ✓ Memory: 184.15 GB available
2026-01-04 12:59:54,946 - runpod_main - INFO - Checking GPU...
2026-01-04 13:00:04,924 - runpod_main - INFO -   ✓ GPU: NVIDIA GeForce RTX 4090
2026-01-04 13:00:04,926 - runpod_main - INFO - Checking network connectivity...
2026-01-04 13:00:04,988 - runpod_main - INFO -   ✓ Network: Connected to GitHub
2026-01-04 13:00:04,989 - runpod_main - INFO - Checking dataset...
2026-01-04 13:00:06,224 - runpod_main - INFO -   ✓ Dataset: ADA-EUR_1H_20230101-20251231.csv found
2026-01-04 13:00:06,226 - runpod_main - INFO - Checking dependencies...
2026-01-04 13:00:06,227 - runpod_main - DEBUG -   ✓ torch
2026-01-04 13:00:07,940 - matplotlib - DEBUG - matplotlib data path: /usr/local/lib/python3.11/dist-packages/matplotlib/mpl-data
2026-01-04 13:00:07,976 - matplotlib - DEBUG - CONFIGDIR=/root/.config/matplotlib
2026-01-04 13:00:07,984 - matplotlib - DEBUG - interactive is False
2026-01-04 13:00:07,987 - matplotlib - DEBUG - platform is linux
2026-01-04 13:00:08,151 - matplotlib - DEBUG - CACHEDIR=/root/.cache/matplotlib
2026-01-04 13:00:08,159 - matplotlib.font_manager - DEBUG - Using fontManager instance from /root/.cache/matplotlib/fontlist-v390.json
2026-01-04 13:00:09,849 - runpod_main - DEBUG -   ✓ stable_baselines3
2026-01-04 13:00:09,851 - runpod_main - DEBUG -   ✓ pandas
2026-01-04 13:00:09,853 - runpod_main - DEBUG -   ✓ numpy
2026-01-04 13:00:09,854 - runpod_main - INFO - Checking write permissions...
2026-01-04 13:00:09,857 - runpod_main - DEBUG -   ✓ models/: writable
2026-01-04 13:00:09,860 - runpod_main - DEBUG -   ✓ models/: writable
2026-01-04 13:00:09,863 - runpod_main - DEBUG -   ✓ checkpoints/: writable
2026-01-04 13:00:09,865 - runpod_main - INFO - ============================================================
2026-01-04 13:00:09,866 - runpod_main - INFO - ✓ All pre-flight checks passed
2026-01-04 13:00:09,867 - runpod_main - INFO - ============================================================
2026-01-04 13:00:09,868 - runpod_main - INFO - Starting training pipeline...
2026-01-04 13:00:09,869 - runpod_main - INFO - ============================================================
2026-01-04 13:00:09,872 - runpod_main - INFO - Executing training script...
2026-01-04 13:05:08,105 - runpod_main - INFO - ============================================================
2026-01-04 13:05:08,107 - runpod_main - INFO - Training pipeline completed successfully!
2026-01-04 13:05:08,109 - runpod_main - INFO - ============================================================
