2026-01-05 10:15:26,112 - runpod_main - INFO - Logging to: /workspace/bot2026/logs/training_20260105_101526.log
2026-01-05 10:15:26,112 - runpod_main - INFO - ============================================================
2026-01-05 10:15:26,112 - runpod_main - INFO - RunPod Training Pipeline
2026-01-05 10:15:26,113 - runpod_main - INFO - ============================================================
2026-01-05 10:15:26,113 - runpod_main - INFO - Project path: /workspace/bot2026
2026-01-05 10:15:26,113 - runpod_main - INFO - Dataset: SOL-EUR_1H_20230101-20251231
2026-01-05 10:15:26,114 - runpod_main - INFO - ============================================================
2026-01-05 10:15:26,114 - runpod_main - INFO - Pre-flight Validation
2026-01-05 10:15:26,114 - runpod_main - INFO - ============================================================
2026-01-05 10:15:26,115 - runpod_main - INFO - Checking disk space...
2026-01-05 10:15:26,115 - runpod_main - INFO -   ✓ Disk space: 194691.75 GB free
2026-01-05 10:15:26,116 - runpod_main - INFO - Checking memory...
2026-01-05 10:15:26,124 - runpod_main - INFO -   ✓ Memory: 196.83 GB available
2026-01-05 10:15:26,125 - runpod_main - INFO - Checking GPU...
2026-01-05 10:15:27,488 - runpod_main - INFO -   ✓ GPU: NVIDIA GeForce RTX 4090
2026-01-05 10:15:27,488 - runpod_main - INFO - Checking network connectivity...
2026-01-05 10:15:27,536 - runpod_main - INFO -   ✓ Network: Connected to GitHub
2026-01-05 10:15:27,537 - runpod_main - INFO - Checking dataset...
2026-01-05 10:15:27,682 - runpod_main - INFO -   ✓ Dataset: SOL-EUR_1H_20230101-20251231.csv found
2026-01-05 10:15:27,683 - runpod_main - INFO - Checking dependencies...
2026-01-05 10:15:28,149 - runpod_main - INFO - Checking write permissions...
2026-01-05 10:15:28,151 - runpod_main - INFO - ============================================================
2026-01-05 10:15:28,151 - runpod_main - INFO - ✓ All pre-flight checks passed
2026-01-05 10:15:28,151 - runpod_main - INFO - ============================================================
2026-01-05 10:15:28,152 - runpod_main - INFO - Starting training pipeline...
2026-01-05 10:15:28,152 - runpod_main - INFO - ============================================================
2026-01-05 10:15:28,152 - runpod_main - INFO - Executing training script...
