2026-01-04 13:13:50,696 - runpod_main - INFO - Logging to: /workspace/bot2026/logs/training_20260104_131350.log
2026-01-04 13:13:50,697 - runpod_main - INFO - ============================================================
2026-01-04 13:13:50,701 - runpod_main - INFO - RunPod Training Pipeline
2026-01-04 13:13:50,702 - runpod_main - INFO - ============================================================
2026-01-04 13:13:50,704 - runpod_main - INFO - Project path: /workspace/bot2026
2026-01-04 13:13:50,705 - runpod_main - INFO - Dataset: ADA-EUR_1H_20230101-20251231
2026-01-04 13:13:50,706 - runpod_main - INFO - ============================================================
2026-01-04 13:13:50,707 - runpod_main - INFO - Pre-flight Validation
2026-01-04 13:13:50,708 - runpod_main - INFO - ============================================================
2026-01-04 13:13:50,709 - runpod_main - INFO - Checking disk space...
2026-01-04 13:13:50,711 - runpod_main - INFO -   ✓ Disk space: 195753.51 GB free
2026-01-04 13:13:50,712 - runpod_main - INFO - Checking memory...
2026-01-04 13:13:50,779 - runpod_main - INFO -   ✓ Memory: 176.07 GB available
2026-01-04 13:13:50,781 - runpod_main - INFO - Checking GPU...
2026-01-04 13:14:01,022 - runpod_main - INFO -   ✓ GPU: NVIDIA GeForce RTX 4090
2026-01-04 13:14:01,024 - runpod_main - INFO - Checking network connectivity...
2026-01-04 13:14:01,084 - runpod_main - INFO -   ✓ Network: Connected to GitHub
2026-01-04 13:14:01,085 - runpod_main - INFO - Checking dataset...
2026-01-04 13:14:02,312 - runpod_main - INFO -   ✓ Dataset: ADA-EUR_1H_20230101-20251231.csv found
2026-01-04 13:14:02,314 - runpod_main - INFO - Checking dependencies...
2026-01-04 13:14:02,316 - runpod_main - DEBUG -   ✓ torch
2026-01-04 13:14:03,997 - matplotlib - DEBUG - matplotlib data path: /usr/local/lib/python3.11/dist-packages/matplotlib/mpl-data
2026-01-04 13:14:04,037 - matplotlib - DEBUG - CONFIGDIR=/root/.config/matplotlib
2026-01-04 13:14:04,045 - matplotlib - DEBUG - interactive is False
2026-01-04 13:14:04,048 - matplotlib - DEBUG - platform is linux
2026-01-04 13:14:04,207 - matplotlib - DEBUG - CACHEDIR=/root/.cache/matplotlib
2026-01-04 13:14:04,213 - matplotlib.font_manager - DEBUG - Using fontManager instance from /root/.cache/matplotlib/fontlist-v390.json
2026-01-04 13:14:05,889 - runpod_main - DEBUG -   ✓ stable_baselines3
2026-01-04 13:14:05,892 - runpod_main - DEBUG -   ✓ pandas
2026-01-04 13:14:05,894 - runpod_main - DEBUG -   ✓ numpy
2026-01-04 13:14:05,896 - runpod_main - INFO - Checking write permissions...
2026-01-04 13:14:05,903 - runpod_main - DEBUG -   ✓ models/: writable
2026-01-04 13:14:05,907 - runpod_main - DEBUG -   ✓ models/: writable
2026-01-04 13:14:05,911 - runpod_main - DEBUG -   ✓ checkpoints/: writable
2026-01-04 13:14:05,913 - runpod_main - INFO - ============================================================
2026-01-04 13:14:05,914 - runpod_main - INFO - ✓ All pre-flight checks passed
2026-01-04 13:14:05,916 - runpod_main - INFO - ============================================================
2026-01-04 13:14:05,918 - runpod_main - INFO - Starting training pipeline...
2026-01-04 13:14:05,920 - runpod_main - INFO - ============================================================
2026-01-04 13:14:05,923 - runpod_main - INFO - Executing training script...
