2026-01-04 06:28:09,158 - runpod_main - INFO - Logging to: /workspace/bot2026/logs/training_20260104_062809.log
2026-01-04 06:28:09,160 - runpod_main - INFO - ============================================================
2026-01-04 06:28:09,161 - runpod_main - INFO - RunPod Training Pipeline
2026-01-04 06:28:09,162 - runpod_main - INFO - ============================================================
2026-01-04 06:28:09,163 - runpod_main - INFO - Project path: /workspace/bot2026
2026-01-04 06:28:09,164 - runpod_main - INFO - Dataset: ADA-EUR_1H_20240101-20251231
2026-01-04 06:28:09,166 - runpod_main - INFO - ============================================================
2026-01-04 06:28:09,167 - runpod_main - INFO - Pre-flight Validation
2026-01-04 06:28:09,168 - runpod_main - INFO - ============================================================
2026-01-04 06:28:09,169 - runpod_main - INFO - Checking disk space...
2026-01-04 06:28:09,171 - runpod_main - INFO -   ✓ Disk space: 195380.69 GB free
2026-01-04 06:28:09,172 - runpod_main - INFO - Checking memory...
2026-01-04 06:28:09,249 - runpod_main - INFO -   ✓ Memory: 169.32 GB available
2026-01-04 06:28:09,251 - runpod_main - INFO - Checking GPU...
2026-01-04 06:28:19,560 - runpod_main - INFO -   ✓ GPU: NVIDIA GeForce RTX 4090
2026-01-04 06:28:19,561 - runpod_main - INFO - Checking network connectivity...
2026-01-04 06:28:19,621 - runpod_main - INFO -   ✓ Network: Connected to GitHub
2026-01-04 06:28:19,623 - runpod_main - INFO - Checking dataset...
2026-01-04 06:28:19,630 - runpod_main - ERROR -   ✗ Dataset: ADA-EUR_1H_20240101-20251231.csv not found
2026-01-04 06:28:19,631 - runpod_main - INFO - Checking dependencies...
2026-01-04 06:28:19,633 - runpod_main - WARNING -   ✗ tensorflow: not installed
2026-01-04 06:28:19,635 - runpod_main - DEBUG -   ✓ torch
2026-01-04 06:28:19,637 - runpod_main - WARNING -   ✗ stable_baselines3: not installed
2026-01-04 06:28:19,639 - runpod_main - WARNING -   ✗ pandas: not installed
2026-01-04 06:28:19,641 - runpod_main - DEBUG -   ✓ numpy
2026-01-04 06:28:19,642 - runpod_main - WARNING -   Missing packages: tensorflow, stable_baselines3, pandas
2026-01-04 06:28:19,643 - runpod_main - WARNING -   Run: pip install -r requirements.txt
2026-01-04 06:28:19,644 - runpod_main - INFO - Checking write permissions...
2026-01-04 06:28:19,646 - runpod_main - DEBUG -   ✓ models/: writable
2026-01-04 06:28:19,648 - runpod_main - DEBUG -   ✓ models/: writable
2026-01-04 06:28:19,650 - runpod_main - DEBUG -   ✓ checkpoints/: writable
2026-01-04 06:28:19,652 - runpod_main - INFO - ============================================================
2026-01-04 06:28:19,653 - runpod_main - WARNING - ⚠ Some pre-flight checks failed
2026-01-04 06:28:19,654 - runpod_main - ERROR - Pre-flight validation failed. Use --skip-validation to continue anyway.
