2026-01-04 07:07:01,018 - runpod_main - INFO - Logging to: /workspace/bot2026/logs/training_20260104_070701.log
2026-01-04 07:07:01,021 - runpod_main - INFO - ============================================================
2026-01-04 07:07:01,023 - runpod_main - INFO - RunPod Training Pipeline
2026-01-04 07:07:01,025 - runpod_main - INFO - ============================================================
2026-01-04 07:07:01,027 - runpod_main - INFO - Project path: /workspace/bot2026
2026-01-04 07:07:01,032 - runpod_main - INFO - Dataset: ADA-EUR_1H_20240101-20251231
2026-01-04 07:07:01,034 - runpod_main - INFO - ============================================================
2026-01-04 07:07:01,036 - runpod_main - INFO - Pre-flight Validation
2026-01-04 07:07:01,038 - runpod_main - INFO - ============================================================
2026-01-04 07:07:01,039 - runpod_main - INFO - Checking disk space...
2026-01-04 07:07:01,042 - runpod_main - INFO -   ✓ Disk space: 195586.99 GB free
2026-01-04 07:07:01,044 - runpod_main - INFO - Checking memory...
2026-01-04 07:07:01,113 - runpod_main - INFO -   ✓ Memory: 194.60 GB available
2026-01-04 07:07:01,115 - runpod_main - INFO - Checking GPU...
2026-01-04 07:07:11,002 - runpod_main - INFO -   ✓ GPU: NVIDIA GeForce RTX 4090
2026-01-04 07:07:11,004 - runpod_main - INFO - Checking network connectivity...
2026-01-04 07:07:11,062 - runpod_main - INFO -   ✓ Network: Connected to GitHub
2026-01-04 07:07:11,065 - runpod_main - INFO - Checking dataset...
2026-01-04 07:07:12,292 - runpod_main - INFO -   ✓ Dataset: ADA-EUR_1H_20240101-20251231.csv found
2026-01-04 07:07:12,294 - runpod_main - INFO - Checking dependencies...
2026-01-04 07:07:12,296 - runpod_main - DEBUG -   ✓ torch
2026-01-04 07:07:13,977 - matplotlib - DEBUG - matplotlib data path: /usr/local/lib/python3.11/dist-packages/matplotlib/mpl-data
2026-01-04 07:07:14,014 - matplotlib - DEBUG - CONFIGDIR=/root/.config/matplotlib
2026-01-04 07:07:14,022 - matplotlib - DEBUG - interactive is False
2026-01-04 07:07:14,024 - matplotlib - DEBUG - platform is linux
2026-01-04 07:07:14,187 - matplotlib - DEBUG - CACHEDIR=/root/.cache/matplotlib
2026-01-04 07:07:14,193 - matplotlib.font_manager - DEBUG - Using fontManager instance from /root/.cache/matplotlib/fontlist-v390.json
2026-01-04 07:07:15,866 - runpod_main - DEBUG -   ✓ stable_baselines3
2026-01-04 07:07:15,868 - runpod_main - DEBUG -   ✓ pandas
2026-01-04 07:07:15,870 - runpod_main - DEBUG -   ✓ numpy
2026-01-04 07:07:15,872 - runpod_main - INFO - Checking write permissions...
2026-01-04 07:07:15,876 - runpod_main - DEBUG -   ✓ models/: writable
2026-01-04 07:07:15,880 - runpod_main - DEBUG -   ✓ models/: writable
2026-01-04 07:07:15,883 - runpod_main - DEBUG -   ✓ checkpoints/: writable
2026-01-04 07:07:15,884 - runpod_main - INFO - ============================================================
2026-01-04 07:07:15,886 - runpod_main - INFO - ✓ All pre-flight checks passed
2026-01-04 07:07:15,887 - runpod_main - INFO - ============================================================
2026-01-04 07:07:15,889 - runpod_main - INFO - Starting training pipeline...
2026-01-04 07:07:15,890 - runpod_main - INFO - ============================================================
2026-01-04 07:07:15,893 - runpod_main - INFO - Executing training script...
2026-01-04 07:07:16,051 - runpod_main - ERROR - Training script exited with code 1
