2026-01-04 13:56:18,061 - runpod_main - INFO - Logging to: /workspace/bot2026/logs/training_20260104_135618.log
2026-01-04 13:56:18,063 - runpod_main - INFO - ============================================================
2026-01-04 13:56:18,064 - runpod_main - INFO - RunPod Training Pipeline
2026-01-04 13:56:18,066 - runpod_main - INFO - ============================================================
2026-01-04 13:56:18,067 - runpod_main - INFO - Project path: /workspace/bot2026
2026-01-04 13:56:18,069 - runpod_main - INFO - Dataset: ADA-EUR_1H_20230101-20251231
2026-01-04 13:56:18,070 - runpod_main - INFO - ============================================================
2026-01-04 13:56:18,071 - runpod_main - INFO - Pre-flight Validation
2026-01-04 13:56:18,072 - runpod_main - INFO - ============================================================
2026-01-04 13:56:18,074 - runpod_main - INFO - Checking disk space...
2026-01-04 13:56:18,075 - runpod_main - INFO -   ✓ Disk space: 196469.68 GB free
2026-01-04 13:56:18,076 - runpod_main - INFO - Checking memory...
2026-01-04 13:56:18,143 - runpod_main - INFO -   ✓ Memory: 162.89 GB available
2026-01-04 13:56:18,145 - runpod_main - INFO - Checking GPU...
2026-01-04 13:56:27,948 - runpod_main - INFO -   ✓ GPU: NVIDIA GeForce RTX 4090
2026-01-04 13:56:27,950 - runpod_main - INFO - Checking network connectivity...
2026-01-04 13:56:28,012 - runpod_main - INFO -   ✓ Network: Connected to GitHub
2026-01-04 13:56:28,014 - runpod_main - INFO - Checking dataset...
2026-01-04 13:56:29,265 - runpod_main - INFO -   ✓ Dataset: ADA-EUR_1H_20230101-20251231.csv found
2026-01-04 13:56:29,268 - runpod_main - INFO - Checking dependencies...
2026-01-04 13:56:32,856 - runpod_main - INFO - Checking write permissions...
2026-01-04 13:56:32,865 - runpod_main - INFO - ============================================================
2026-01-04 13:56:32,866 - runpod_main - INFO - ✓ All pre-flight checks passed
2026-01-04 13:56:32,868 - runpod_main - INFO - ============================================================
2026-01-04 13:56:32,869 - runpod_main - INFO - Starting training pipeline...
2026-01-04 13:56:32,870 - runpod_main - INFO - ============================================================
2026-01-04 13:56:32,874 - runpod_main - INFO - Executing training script...
