2026-01-05 08:02:31,925 - runpod_main - INFO - Logging to: /workspace/bot2026/logs/training_20260105_080231.log
2026-01-05 08:02:31,925 - runpod_main - INFO - ============================================================
2026-01-05 08:02:31,926 - runpod_main - INFO - RunPod Training Pipeline
2026-01-05 08:02:31,926 - runpod_main - INFO - ============================================================
2026-01-05 08:02:31,927 - runpod_main - INFO - Project path: /workspace/bot2026
2026-01-05 08:02:31,927 - runpod_main - INFO - Dataset: SOL-EUR_1H_20230101-20251231
2026-01-05 08:02:31,927 - runpod_main - INFO - ============================================================
2026-01-05 08:02:31,928 - runpod_main - INFO - Pre-flight Validation
2026-01-05 08:02:31,928 - runpod_main - INFO - ============================================================
2026-01-05 08:02:31,929 - runpod_main - INFO - Checking disk space...
2026-01-05 08:02:31,929 - runpod_main - INFO -   ✓ Disk space: 194568.12 GB free
2026-01-05 08:02:31,930 - runpod_main - INFO - Checking memory...
2026-01-05 08:02:31,937 - runpod_main - INFO -   ✓ Memory: 866.85 GB available
2026-01-05 08:02:31,938 - runpod_main - INFO - Checking GPU...
2026-01-05 08:02:33,226 - runpod_main - INFO -   ✓ GPU: NVIDIA GeForce RTX 4090
2026-01-05 08:02:33,226 - runpod_main - INFO - Checking network connectivity...
2026-01-05 08:02:33,273 - runpod_main - INFO -   ✓ Network: Connected to GitHub
2026-01-05 08:02:33,274 - runpod_main - INFO - Checking dataset...
2026-01-05 08:02:33,438 - runpod_main - INFO -   ✓ Dataset: SOL-EUR_1H_20230101-20251231.csv found
2026-01-05 08:02:33,438 - runpod_main - INFO - Checking dependencies...
2026-01-05 08:02:33,438 - runpod_main - DEBUG -   ✓ torch
2026-01-05 08:02:33,668 - matplotlib - DEBUG - matplotlib data path: /usr/local/lib/python3.11/dist-packages/matplotlib/mpl-data
2026-01-05 08:02:33,673 - matplotlib - DEBUG - CONFIGDIR=/root/.config/matplotlib
2026-01-05 08:02:33,674 - matplotlib - DEBUG - interactive is False
2026-01-05 08:02:33,674 - matplotlib - DEBUG - platform is linux
2026-01-05 08:02:33,694 - matplotlib - DEBUG - CACHEDIR=/root/.cache/matplotlib
2026-01-05 08:02:33,694 - matplotlib.font_manager - DEBUG - Using fontManager instance from /root/.cache/matplotlib/fontlist-v390.json
2026-01-05 08:02:33,869 - runpod_main - DEBUG -   ✓ stable_baselines3
2026-01-05 08:02:33,869 - runpod_main - DEBUG -   ✓ pandas
2026-01-05 08:02:33,870 - runpod_main - DEBUG -   ✓ numpy
2026-01-05 08:02:33,870 - runpod_main - INFO - Checking write permissions...
2026-01-05 08:02:33,872 - runpod_main - DEBUG -   ✓ models/: writable
2026-01-05 08:02:33,872 - runpod_main - DEBUG -   ✓ models/: writable
2026-01-05 08:02:33,873 - runpod_main - DEBUG -   ✓ checkpoints/: writable
2026-01-05 08:02:33,874 - runpod_main - INFO - ============================================================
2026-01-05 08:02:33,874 - runpod_main - INFO - ✓ All pre-flight checks passed
2026-01-05 08:02:33,874 - runpod_main - INFO - ============================================================
2026-01-05 08:02:33,875 - runpod_main - INFO - Starting training pipeline...
2026-01-05 08:02:33,875 - runpod_main - INFO - ============================================================
2026-01-05 08:02:33,876 - runpod_main - INFO - Executing training script...
