2026-01-05 07:48:03,508 - runpod_main - INFO - Logging to: /workspace/bot2026/logs/training_20260105_074803.log
2026-01-05 07:48:03,508 - runpod_main - INFO - ============================================================
2026-01-05 07:48:03,509 - runpod_main - INFO - RunPod Training Pipeline
2026-01-05 07:48:03,509 - runpod_main - INFO - ============================================================
2026-01-05 07:48:03,509 - runpod_main - INFO - Project path: /workspace/bot2026
2026-01-05 07:48:03,509 - runpod_main - INFO - Dataset: SOL-EUR_1H_20230101-20251231
2026-01-05 07:48:03,510 - runpod_main - INFO - ============================================================
2026-01-05 07:48:03,510 - runpod_main - INFO - Pre-flight Validation
2026-01-05 07:48:03,510 - runpod_main - INFO - ============================================================
2026-01-05 07:48:03,511 - runpod_main - INFO - Checking disk space...
2026-01-05 07:48:03,511 - runpod_main - INFO -   ✓ Disk space: 194847.95 GB free
2026-01-05 07:48:03,512 - runpod_main - INFO - Checking memory...
2026-01-05 07:48:03,520 - runpod_main - INFO -   ✓ Memory: 867.05 GB available
2026-01-05 07:48:03,520 - runpod_main - INFO - Checking GPU...
2026-01-05 07:48:04,764 - runpod_main - INFO -   ✓ GPU: NVIDIA GeForce RTX 4090
2026-01-05 07:48:04,765 - runpod_main - INFO - Checking network connectivity...
2026-01-05 07:48:04,808 - runpod_main - INFO -   ✓ Network: Connected to GitHub
2026-01-05 07:48:04,809 - runpod_main - INFO - Checking dataset...
2026-01-05 07:48:04,941 - runpod_main - INFO -   ✓ Dataset: SOL-EUR_1H_20230101-20251231.csv found
2026-01-05 07:48:04,942 - runpod_main - INFO - Checking dependencies...
2026-01-05 07:48:04,942 - runpod_main - DEBUG -   ✓ torch
2026-01-05 07:48:05,156 - matplotlib - DEBUG - matplotlib data path: /usr/local/lib/python3.11/dist-packages/matplotlib/mpl-data
2026-01-05 07:48:05,161 - matplotlib - DEBUG - CONFIGDIR=/root/.config/matplotlib
2026-01-05 07:48:05,162 - matplotlib - DEBUG - interactive is False
2026-01-05 07:48:05,162 - matplotlib - DEBUG - platform is linux
2026-01-05 07:48:05,180 - matplotlib - DEBUG - CACHEDIR=/root/.cache/matplotlib
2026-01-05 07:48:05,180 - matplotlib.font_manager - DEBUG - font search path [PosixPath('/usr/local/lib/python3.11/dist-packages/matplotlib/mpl-data/fonts/ttf'), PosixPath('/usr/local/lib/python3.11/dist-packages/matplotlib/mpl-data/fonts/afm'), PosixPath('/usr/local/lib/python3.11/dist-packages/matplotlib/mpl-data/fonts/pdfcorefonts')]
2026-01-05 07:48:05,267 - matplotlib.font_manager - INFO - generated new fontManager
2026-01-05 07:48:05,440 - runpod_main - DEBUG -   ✓ stable_baselines3
2026-01-05 07:48:05,441 - runpod_main - DEBUG -   ✓ pandas
2026-01-05 07:48:05,442 - runpod_main - DEBUG -   ✓ numpy
2026-01-05 07:48:05,442 - runpod_main - INFO - Checking write permissions...
2026-01-05 07:48:05,443 - runpod_main - DEBUG -   ✓ models/: writable
2026-01-05 07:48:05,444 - runpod_main - DEBUG -   ✓ models/: writable
2026-01-05 07:48:05,445 - runpod_main - DEBUG -   ✓ checkpoints/: writable
2026-01-05 07:48:05,445 - runpod_main - INFO - ============================================================
2026-01-05 07:48:05,445 - runpod_main - INFO - ✓ All pre-flight checks passed
2026-01-05 07:48:05,446 - runpod_main - INFO - ============================================================
2026-01-05 07:48:05,446 - runpod_main - INFO - Starting training pipeline...
2026-01-05 07:48:05,447 - runpod_main - INFO - ============================================================
2026-01-05 07:48:05,447 - runpod_main - INFO - Executing training script...
