2026-01-04 08:22:11,413 - runpod_main - INFO - Logging to: /workspace/bot2026/logs/training_20260104_082211.log
2026-01-04 08:22:11,415 - runpod_main - INFO - ============================================================
2026-01-04 08:22:11,417 - runpod_main - INFO - RunPod Training Pipeline
2026-01-04 08:22:11,421 - runpod_main - INFO - ============================================================
2026-01-04 08:22:11,423 - runpod_main - INFO - Project path: /workspace/bot2026
2026-01-04 08:22:11,425 - runpod_main - INFO - Dataset: ADA-EUR_1H_20240101-20251231
2026-01-04 08:22:11,427 - runpod_main - INFO - ============================================================
2026-01-04 08:22:11,429 - runpod_main - INFO - Pre-flight Validation
2026-01-04 08:22:11,431 - runpod_main - INFO - ============================================================
2026-01-04 08:22:11,433 - runpod_main - INFO - Checking disk space...
2026-01-04 08:22:11,435 - runpod_main - INFO -   ✓ Disk space: 195598.82 GB free
2026-01-04 08:22:11,437 - runpod_main - INFO - Checking memory...
2026-01-04 08:22:11,505 - runpod_main - INFO -   ✓ Memory: 209.81 GB available
2026-01-04 08:22:11,508 - runpod_main - INFO - Checking GPU...
2026-01-04 08:22:21,298 - runpod_main - INFO -   ✓ GPU: NVIDIA GeForce RTX 4090
2026-01-04 08:22:21,300 - runpod_main - INFO - Checking network connectivity...
2026-01-04 08:22:21,364 - runpod_main - INFO -   ✓ Network: Connected to GitHub
2026-01-04 08:22:21,366 - runpod_main - INFO - Checking dataset...
2026-01-04 08:22:22,598 - runpod_main - INFO -   ✓ Dataset: ADA-EUR_1H_20240101-20251231.csv found
2026-01-04 08:22:22,600 - runpod_main - INFO - Checking dependencies...
2026-01-04 08:22:22,605 - runpod_main - DEBUG -   ✓ torch
2026-01-04 08:22:24,268 - matplotlib - DEBUG - matplotlib data path: /usr/local/lib/python3.11/dist-packages/matplotlib/mpl-data
2026-01-04 08:22:24,306 - matplotlib - DEBUG - CONFIGDIR=/root/.config/matplotlib
2026-01-04 08:22:24,314 - matplotlib - DEBUG - interactive is False
2026-01-04 08:22:24,317 - matplotlib - DEBUG - platform is linux
2026-01-04 08:22:24,481 - matplotlib - DEBUG - CACHEDIR=/root/.cache/matplotlib
2026-01-04 08:22:24,488 - matplotlib.font_manager - DEBUG - Using fontManager instance from /root/.cache/matplotlib/fontlist-v390.json
2026-01-04 08:22:26,172 - runpod_main - DEBUG -   ✓ stable_baselines3
2026-01-04 08:22:26,174 - runpod_main - DEBUG -   ✓ pandas
2026-01-04 08:22:26,176 - runpod_main - DEBUG -   ✓ numpy
2026-01-04 08:22:26,177 - runpod_main - INFO - Checking write permissions...
2026-01-04 08:22:26,182 - runpod_main - DEBUG -   ✓ models/: writable
2026-01-04 08:22:26,186 - runpod_main - DEBUG -   ✓ models/: writable
2026-01-04 08:22:26,190 - runpod_main - DEBUG -   ✓ checkpoints/: writable
2026-01-04 08:22:26,191 - runpod_main - INFO - ============================================================
2026-01-04 08:22:26,193 - runpod_main - INFO - ✓ All pre-flight checks passed
2026-01-04 08:22:26,194 - runpod_main - INFO - ============================================================
2026-01-04 08:22:26,195 - runpod_main - INFO - Starting training pipeline...
2026-01-04 08:22:26,196 - runpod_main - INFO - ============================================================
2026-01-04 08:22:26,199 - runpod_main - INFO - Executing training script...
2026-01-04 08:22:49,316 - runpod_main - ERROR - Training script exited with code 1
