2026-01-04 10:50:42,151 - runpod_main - INFO - Logging to: /workspace/bot2026/logs/training_20260104_105042.log
2026-01-04 10:50:42,153 - runpod_main - INFO - ============================================================
2026-01-04 10:50:42,154 - runpod_main - INFO - RunPod Training Pipeline
2026-01-04 10:50:42,155 - runpod_main - INFO - ============================================================
2026-01-04 10:50:42,156 - runpod_main - INFO - Project path: /workspace/bot2026
2026-01-04 10:50:42,157 - runpod_main - INFO - Dataset: ADA-EUR_1H_20240101-20251231
2026-01-04 10:50:42,158 - runpod_main - INFO - ============================================================
2026-01-04 10:50:42,159 - runpod_main - INFO - Pre-flight Validation
2026-01-04 10:50:42,160 - runpod_main - INFO - ============================================================
2026-01-04 10:50:42,161 - runpod_main - INFO - Checking disk space...
2026-01-04 10:50:42,163 - runpod_main - INFO -   ✓ Disk space: 194699.06 GB free
2026-01-04 10:50:42,164 - runpod_main - INFO - Checking memory...
2026-01-04 10:50:42,231 - runpod_main - INFO -   ✓ Memory: 201.17 GB available
2026-01-04 10:50:42,232 - runpod_main - INFO - Checking GPU...
2026-01-04 10:50:52,026 - runpod_main - INFO -   ✓ GPU: NVIDIA GeForce RTX 4090
2026-01-04 10:50:52,028 - runpod_main - INFO - Checking network connectivity...
2026-01-04 10:50:52,089 - runpod_main - INFO -   ✓ Network: Connected to GitHub
2026-01-04 10:50:52,090 - runpod_main - INFO - Checking dataset...
2026-01-04 10:50:53,294 - runpod_main - INFO -   ✓ Dataset: ADA-EUR_1H_20240101-20251231.csv found
2026-01-04 10:50:53,295 - runpod_main - INFO - Checking dependencies...
2026-01-04 10:50:53,296 - runpod_main - DEBUG -   ✓ torch
2026-01-04 10:50:54,926 - matplotlib - DEBUG - matplotlib data path: /usr/local/lib/python3.11/dist-packages/matplotlib/mpl-data
2026-01-04 10:50:54,960 - matplotlib - DEBUG - CONFIGDIR=/root/.config/matplotlib
2026-01-04 10:50:54,968 - matplotlib - DEBUG - interactive is False
2026-01-04 10:50:54,970 - matplotlib - DEBUG - platform is linux
2026-01-04 10:50:55,132 - matplotlib - DEBUG - CACHEDIR=/root/.cache/matplotlib
2026-01-04 10:50:55,138 - matplotlib.font_manager - DEBUG - Using fontManager instance from /root/.cache/matplotlib/fontlist-v390.json
2026-01-04 10:50:56,799 - runpod_main - DEBUG -   ✓ stable_baselines3
2026-01-04 10:50:56,802 - runpod_main - DEBUG -   ✓ pandas
2026-01-04 10:50:56,804 - runpod_main - DEBUG -   ✓ numpy
2026-01-04 10:50:56,805 - runpod_main - INFO - Checking write permissions...
2026-01-04 10:50:56,807 - runpod_main - DEBUG -   ✓ models/: writable
2026-01-04 10:50:56,810 - runpod_main - DEBUG -   ✓ models/: writable
2026-01-04 10:50:56,813 - runpod_main - DEBUG -   ✓ checkpoints/: writable
2026-01-04 10:50:56,814 - runpod_main - INFO - ============================================================
2026-01-04 10:50:56,815 - runpod_main - INFO - ✓ All pre-flight checks passed
2026-01-04 10:50:56,816 - runpod_main - INFO - ============================================================
2026-01-04 10:50:56,817 - runpod_main - INFO - Starting training pipeline...
2026-01-04 10:50:56,818 - runpod_main - INFO - ============================================================
2026-01-04 10:50:56,820 - runpod_main - INFO - Executing training script...
