2026-01-04 15:07:12,185 - runpod_main - INFO - Logging to: /workspace/bot2026/logs/training_20260104_150712.log
2026-01-04 15:07:12,186 - runpod_main - INFO - ============================================================
2026-01-04 15:07:12,188 - runpod_main - INFO - RunPod Training Pipeline
2026-01-04 15:07:12,190 - runpod_main - INFO - ============================================================
2026-01-04 15:07:12,191 - runpod_main - INFO - Project path: /workspace/bot2026
2026-01-04 15:07:12,193 - runpod_main - INFO - Dataset: ADA-EUR_1H_20230101-20251231
2026-01-04 15:07:12,194 - runpod_main - INFO - ============================================================
2026-01-04 15:07:12,196 - runpod_main - INFO - Pre-flight Validation
2026-01-04 15:07:12,197 - runpod_main - INFO - ============================================================
2026-01-04 15:07:12,198 - runpod_main - INFO - Checking disk space...
2026-01-04 15:07:12,203 - runpod_main - INFO -   ✓ Disk space: 196640.95 GB free
2026-01-04 15:07:12,204 - runpod_main - INFO - Checking memory...
2026-01-04 15:07:12,273 - runpod_main - INFO -   ✓ Memory: 184.15 GB available
2026-01-04 15:07:12,275 - runpod_main - INFO - Checking GPU...
2026-01-04 15:07:22,259 - runpod_main - INFO -   ✓ GPU: NVIDIA GeForce RTX 4090
2026-01-04 15:07:22,261 - runpod_main - INFO - Checking network connectivity...
2026-01-04 15:07:22,322 - runpod_main - INFO -   ✓ Network: Connected to GitHub
2026-01-04 15:07:22,324 - runpod_main - INFO - Checking dataset...
2026-01-04 15:07:23,563 - runpod_main - INFO -   ✓ Dataset: ADA-EUR_1H_20230101-20251231.csv found
2026-01-04 15:07:23,565 - runpod_main - INFO - Checking dependencies...
2026-01-04 15:07:27,195 - runpod_main - INFO - Checking write permissions...
2026-01-04 15:07:27,207 - runpod_main - INFO - ============================================================
2026-01-04 15:07:27,208 - runpod_main - INFO - ✓ All pre-flight checks passed
2026-01-04 15:07:27,210 - runpod_main - INFO - ============================================================
2026-01-04 15:07:27,211 - runpod_main - INFO - Starting training pipeline...
2026-01-04 15:07:27,213 - runpod_main - INFO - ============================================================
2026-01-04 15:07:27,216 - runpod_main - INFO - Executing training script...
2026-01-04 15:07:50,936 - runpod_main - ERROR - Training script exited with code 1
