2026-01-04 08:24:10,353 - runpod_main - INFO - Logging to: /workspace/bot2026/logs/training_20260104_082410.log
2026-01-04 08:24:10,355 - runpod_main - INFO - ============================================================
2026-01-04 08:24:10,357 - runpod_main - INFO - RunPod Training Pipeline
2026-01-04 08:24:10,359 - runpod_main - INFO - ============================================================
2026-01-04 08:24:10,361 - runpod_main - INFO - Project path: /workspace/bot2026
2026-01-04 08:24:10,363 - runpod_main - INFO - Dataset: ADA-EUR_1H_20240101-20251231
2026-01-04 08:24:10,365 - runpod_main - INFO - ============================================================
2026-01-04 08:24:10,367 - runpod_main - INFO - Pre-flight Validation
2026-01-04 08:24:10,369 - runpod_main - INFO - ============================================================
2026-01-04 08:24:10,370 - runpod_main - INFO - Checking disk space...
2026-01-04 08:24:10,373 - runpod_main - INFO -   ✓ Disk space: 195580.57 GB free
2026-01-04 08:24:10,374 - runpod_main - INFO - Checking memory...
2026-01-04 08:24:10,442 - runpod_main - INFO -   ✓ Memory: 209.81 GB available
2026-01-04 08:24:10,445 - runpod_main - INFO - Checking GPU...
2026-01-04 08:24:20,300 - runpod_main - INFO -   ✓ GPU: NVIDIA GeForce RTX 4090
2026-01-04 08:24:20,305 - runpod_main - INFO - Checking network connectivity...
2026-01-04 08:24:20,366 - runpod_main - INFO -   ✓ Network: Connected to GitHub
2026-01-04 08:24:20,369 - runpod_main - INFO - Checking dataset...
2026-01-04 08:24:21,596 - runpod_main - INFO -   ✓ Dataset: ADA-EUR_1H_20240101-20251231.csv found
2026-01-04 08:24:21,599 - runpod_main - INFO - Checking dependencies...
2026-01-04 08:24:21,600 - runpod_main - DEBUG -   ✓ torch
2026-01-04 08:24:23,275 - matplotlib - DEBUG - matplotlib data path: /usr/local/lib/python3.11/dist-packages/matplotlib/mpl-data
2026-01-04 08:24:23,311 - matplotlib - DEBUG - CONFIGDIR=/root/.config/matplotlib
2026-01-04 08:24:23,319 - matplotlib - DEBUG - interactive is False
2026-01-04 08:24:23,322 - matplotlib - DEBUG - platform is linux
2026-01-04 08:24:23,485 - matplotlib - DEBUG - CACHEDIR=/root/.cache/matplotlib
2026-01-04 08:24:23,492 - matplotlib.font_manager - DEBUG - Using fontManager instance from /root/.cache/matplotlib/fontlist-v390.json
2026-01-04 08:24:25,161 - runpod_main - DEBUG -   ✓ stable_baselines3
2026-01-04 08:24:25,163 - runpod_main - DEBUG -   ✓ pandas
2026-01-04 08:24:25,165 - runpod_main - DEBUG -   ✓ numpy
2026-01-04 08:24:25,167 - runpod_main - INFO - Checking write permissions...
2026-01-04 08:24:25,170 - runpod_main - DEBUG -   ✓ models/: writable
2026-01-04 08:24:25,174 - runpod_main - DEBUG -   ✓ models/: writable
2026-01-04 08:24:25,177 - runpod_main - DEBUG -   ✓ checkpoints/: writable
2026-01-04 08:24:25,179 - runpod_main - INFO - ============================================================
2026-01-04 08:24:25,181 - runpod_main - INFO - ✓ All pre-flight checks passed
2026-01-04 08:24:25,182 - runpod_main - INFO - ============================================================
2026-01-04 08:24:25,183 - runpod_main - INFO - Starting training pipeline...
2026-01-04 08:24:25,185 - runpod_main - INFO - ============================================================
2026-01-04 08:24:25,188 - runpod_main - INFO - Executing training script...
2026-01-04 08:48:00,550 - runpod_main - ERROR - Training script exited with code 1
