2026-01-04 07:20:31,986 - runpod_main - INFO - Logging to: /workspace/bot2026/logs/training_20260104_072031.log
2026-01-04 07:20:31,988 - runpod_main - INFO - ============================================================
2026-01-04 07:20:31,989 - runpod_main - INFO - RunPod Training Pipeline
2026-01-04 07:20:31,991 - runpod_main - INFO - ============================================================
2026-01-04 07:20:31,992 - runpod_main - INFO - Project path: /workspace/bot2026
2026-01-04 07:20:31,993 - runpod_main - INFO - Dataset: ADA-EUR_1H_20240101-20251231
2026-01-04 07:20:31,994 - runpod_main - INFO - ============================================================
2026-01-04 07:20:31,996 - runpod_main - INFO - Pre-flight Validation
2026-01-04 07:20:31,997 - runpod_main - INFO - ============================================================
2026-01-04 07:20:31,998 - runpod_main - INFO - Checking disk space...
2026-01-04 07:20:32,000 - runpod_main - INFO -   ✓ Disk space: 195620.01 GB free
2026-01-04 07:20:32,004 - runpod_main - INFO - Checking memory...
2026-01-04 07:20:32,075 - runpod_main - INFO -   ✓ Memory: 194.73 GB available
2026-01-04 07:20:32,077 - runpod_main - INFO - Checking GPU...
2026-01-04 07:20:41,945 - runpod_main - INFO -   ✓ GPU: NVIDIA GeForce RTX 4090
2026-01-04 07:20:41,946 - runpod_main - INFO - Checking network connectivity...
2026-01-04 07:20:42,002 - runpod_main - INFO -   ✓ Network: Connected to GitHub
2026-01-04 07:20:42,004 - runpod_main - INFO - Checking dataset...
2026-01-04 07:20:43,252 - runpod_main - INFO -   ✓ Dataset: ADA-EUR_1H_20240101-20251231.csv found
2026-01-04 07:20:43,253 - runpod_main - INFO - Checking dependencies...
2026-01-04 07:20:43,254 - runpod_main - DEBUG -   ✓ torch
2026-01-04 07:20:44,938 - matplotlib - DEBUG - matplotlib data path: /usr/local/lib/python3.11/dist-packages/matplotlib/mpl-data
2026-01-04 07:20:44,973 - matplotlib - DEBUG - CONFIGDIR=/root/.config/matplotlib
2026-01-04 07:20:44,980 - matplotlib - DEBUG - interactive is False
2026-01-04 07:20:44,982 - matplotlib - DEBUG - platform is linux
2026-01-04 07:20:45,150 - matplotlib - DEBUG - CACHEDIR=/root/.cache/matplotlib
2026-01-04 07:20:45,155 - matplotlib.font_manager - DEBUG - Using fontManager instance from /root/.cache/matplotlib/fontlist-v390.json
2026-01-04 07:20:46,863 - runpod_main - DEBUG -   ✓ stable_baselines3
2026-01-04 07:20:46,865 - runpod_main - DEBUG -   ✓ pandas
2026-01-04 07:20:46,866 - runpod_main - DEBUG -   ✓ numpy
2026-01-04 07:20:46,867 - runpod_main - INFO - Checking write permissions...
2026-01-04 07:20:46,870 - runpod_main - DEBUG -   ✓ models/: writable
2026-01-04 07:20:46,872 - runpod_main - DEBUG -   ✓ models/: writable
2026-01-04 07:20:46,875 - runpod_main - DEBUG -   ✓ checkpoints/: writable
2026-01-04 07:20:46,876 - runpod_main - INFO - ============================================================
2026-01-04 07:20:46,877 - runpod_main - INFO - ✓ All pre-flight checks passed
2026-01-04 07:20:46,878 - runpod_main - INFO - ============================================================
2026-01-04 07:20:46,880 - runpod_main - INFO - Starting training pipeline...
2026-01-04 07:20:46,881 - runpod_main - INFO - ============================================================
2026-01-04 07:20:46,883 - runpod_main - INFO - Executing training script...
