2026-01-04 11:30:27,195 - runpod_main - INFO - Logging to: /workspace/bot2026/logs/training_20260104_113027.log
2026-01-04 11:30:27,196 - runpod_main - INFO - ============================================================
2026-01-04 11:30:27,197 - runpod_main - INFO - RunPod Training Pipeline
2026-01-04 11:30:27,202 - runpod_main - INFO - ============================================================
2026-01-04 11:30:27,204 - runpod_main - INFO - Project path: /workspace/bot2026
2026-01-04 11:30:27,205 - runpod_main - INFO - Dataset: ADA-EUR_1H_20230101-20251231
2026-01-04 11:30:27,206 - runpod_main - INFO - ============================================================
2026-01-04 11:30:27,207 - runpod_main - INFO - Pre-flight Validation
2026-01-04 11:30:27,209 - runpod_main - INFO - ============================================================
2026-01-04 11:30:27,210 - runpod_main - INFO - Checking disk space...
2026-01-04 11:30:27,211 - runpod_main - INFO -   ✓ Disk space: 194366.16 GB free
2026-01-04 11:30:27,212 - runpod_main - INFO - Checking memory...
2026-01-04 11:30:27,281 - runpod_main - INFO -   ✓ Memory: 201.66 GB available
2026-01-04 11:30:27,283 - runpod_main - INFO - Checking GPU...
2026-01-04 11:30:37,224 - runpod_main - INFO -   ✓ GPU: NVIDIA GeForce RTX 4090
2026-01-04 11:30:37,225 - runpod_main - INFO - Checking network connectivity...
2026-01-04 11:30:37,288 - runpod_main - INFO -   ✓ Network: Connected to GitHub
2026-01-04 11:30:37,289 - runpod_main - INFO - Checking dataset...
2026-01-04 11:30:38,523 - runpod_main - INFO -   ✓ Dataset: ADA-EUR_1H_20230101-20251231.csv found
2026-01-04 11:30:38,524 - runpod_main - INFO - Checking dependencies...
2026-01-04 11:30:38,526 - runpod_main - DEBUG -   ✓ torch
2026-01-04 11:30:40,193 - matplotlib - DEBUG - matplotlib data path: /usr/local/lib/python3.11/dist-packages/matplotlib/mpl-data
2026-01-04 11:30:40,229 - matplotlib - DEBUG - CONFIGDIR=/root/.config/matplotlib
2026-01-04 11:30:40,236 - matplotlib - DEBUG - interactive is False
2026-01-04 11:30:40,238 - matplotlib - DEBUG - platform is linux
2026-01-04 11:30:40,402 - matplotlib - DEBUG - CACHEDIR=/root/.cache/matplotlib
2026-01-04 11:30:40,408 - matplotlib.font_manager - DEBUG - Using fontManager instance from /root/.cache/matplotlib/fontlist-v390.json
2026-01-04 11:30:42,084 - runpod_main - DEBUG -   ✓ stable_baselines3
2026-01-04 11:30:42,085 - runpod_main - DEBUG -   ✓ pandas
2026-01-04 11:30:42,087 - runpod_main - DEBUG -   ✓ numpy
2026-01-04 11:30:42,089 - runpod_main - INFO - Checking write permissions...
2026-01-04 11:30:42,092 - runpod_main - DEBUG -   ✓ models/: writable
2026-01-04 11:30:42,096 - runpod_main - DEBUG -   ✓ models/: writable
2026-01-04 11:30:42,098 - runpod_main - DEBUG -   ✓ checkpoints/: writable
2026-01-04 11:30:42,102 - runpod_main - INFO - ============================================================
2026-01-04 11:30:42,104 - runpod_main - INFO - ✓ All pre-flight checks passed
2026-01-04 11:30:42,105 - runpod_main - INFO - ============================================================
2026-01-04 11:30:42,106 - runpod_main - INFO - Starting training pipeline...
2026-01-04 11:30:42,107 - runpod_main - INFO - ============================================================
2026-01-04 11:30:42,110 - runpod_main - INFO - Executing training script...
