2026-01-04 10:55:38,658 - runpod_main - INFO - Logging to: /workspace/bot2026/logs/training_20260104_105538.log
2026-01-04 10:55:38,659 - runpod_main - INFO - ============================================================
2026-01-04 10:55:38,661 - runpod_main - INFO - RunPod Training Pipeline
2026-01-04 10:55:38,662 - runpod_main - INFO - ============================================================
2026-01-04 10:55:38,663 - runpod_main - INFO - Project path: /workspace/bot2026
2026-01-04 10:55:38,664 - runpod_main - INFO - Dataset: ADA-EUR_1H_20240101-20251231
2026-01-04 10:55:38,665 - runpod_main - INFO - ============================================================
2026-01-04 10:55:38,667 - runpod_main - INFO - Pre-flight Validation
2026-01-04 10:55:38,668 - runpod_main - INFO - ============================================================
2026-01-04 10:55:38,669 - runpod_main - INFO - Checking disk space...
2026-01-04 10:55:38,670 - runpod_main - INFO -   ✓ Disk space: 194663.49 GB free
2026-01-04 10:55:38,671 - runpod_main - INFO - Checking memory...
2026-01-04 10:55:38,739 - runpod_main - INFO -   ✓ Memory: 201.29 GB available
2026-01-04 10:55:38,740 - runpod_main - INFO - Checking GPU...
2026-01-04 10:55:48,686 - runpod_main - INFO -   ✓ GPU: NVIDIA GeForce RTX 4090
2026-01-04 10:55:48,688 - runpod_main - INFO - Checking network connectivity...
2026-01-04 10:55:48,747 - runpod_main - INFO -   ✓ Network: Connected to GitHub
2026-01-04 10:55:48,749 - runpod_main - INFO - Checking dataset...
2026-01-04 10:55:49,976 - runpod_main - INFO -   ✓ Dataset: ADA-EUR_1H_20240101-20251231.csv found
2026-01-04 10:55:49,978 - runpod_main - INFO - Checking dependencies...
2026-01-04 10:55:49,979 - runpod_main - DEBUG -   ✓ torch
2026-01-04 10:55:51,631 - matplotlib - DEBUG - matplotlib data path: /usr/local/lib/python3.11/dist-packages/matplotlib/mpl-data
2026-01-04 10:55:51,666 - matplotlib - DEBUG - CONFIGDIR=/root/.config/matplotlib
2026-01-04 10:55:51,672 - matplotlib - DEBUG - interactive is False
2026-01-04 10:55:51,675 - matplotlib - DEBUG - platform is linux
2026-01-04 10:55:51,839 - matplotlib - DEBUG - CACHEDIR=/root/.cache/matplotlib
2026-01-04 10:55:51,845 - matplotlib.font_manager - DEBUG - Using fontManager instance from /root/.cache/matplotlib/fontlist-v390.json
2026-01-04 10:55:53,527 - runpod_main - DEBUG -   ✓ stable_baselines3
2026-01-04 10:55:53,529 - runpod_main - DEBUG -   ✓ pandas
2026-01-04 10:55:53,531 - runpod_main - DEBUG -   ✓ numpy
2026-01-04 10:55:53,532 - runpod_main - INFO - Checking write permissions...
2026-01-04 10:55:53,534 - runpod_main - DEBUG -   ✓ models/: writable
2026-01-04 10:55:53,537 - runpod_main - DEBUG -   ✓ models/: writable
2026-01-04 10:55:53,539 - runpod_main - DEBUG -   ✓ checkpoints/: writable
2026-01-04 10:55:53,540 - runpod_main - INFO - ============================================================
2026-01-04 10:55:53,541 - runpod_main - INFO - ✓ All pre-flight checks passed
2026-01-04 10:55:53,542 - runpod_main - INFO - ============================================================
2026-01-04 10:55:53,543 - runpod_main - INFO - Starting training pipeline...
2026-01-04 10:55:53,544 - runpod_main - INFO - ============================================================
2026-01-04 10:55:53,546 - runpod_main - INFO - Executing training script...
