2026-01-05 08:18:12,465 - runpod_main - INFO - Logging to: /workspace/bot2026/logs/training_20260105_081812.log
2026-01-05 08:18:12,466 - runpod_main - INFO - ============================================================
2026-01-05 08:18:12,466 - runpod_main - INFO - RunPod Training Pipeline
2026-01-05 08:18:12,467 - runpod_main - INFO - ============================================================
2026-01-05 08:18:12,467 - runpod_main - INFO - Project path: /workspace/bot2026
2026-01-05 08:18:12,468 - runpod_main - INFO - Dataset: SOL-EUR_1H_20230101-20251231
2026-01-05 08:18:12,468 - runpod_main - INFO - ============================================================
2026-01-05 08:18:12,468 - runpod_main - INFO - Pre-flight Validation
2026-01-05 08:18:12,469 - runpod_main - INFO - ============================================================
2026-01-05 08:18:12,469 - runpod_main - INFO - Checking disk space...
2026-01-05 08:18:12,469 - runpod_main - INFO -   ✓ Disk space: 193867.99 GB free
2026-01-05 08:18:12,470 - runpod_main - INFO - Checking memory...
2026-01-05 08:18:12,477 - runpod_main - INFO -   ✓ Memory: 865.10 GB available
2026-01-05 08:18:12,478 - runpod_main - INFO - Checking GPU...
2026-01-05 08:18:13,783 - runpod_main - INFO -   ✓ GPU: NVIDIA GeForce RTX 4090
2026-01-05 08:18:13,783 - runpod_main - INFO - Checking network connectivity...
2026-01-05 08:18:13,834 - runpod_main - INFO -   ✓ Network: Connected to GitHub
2026-01-05 08:18:13,834 - runpod_main - INFO - Checking dataset...
2026-01-05 08:18:13,972 - runpod_main - INFO -   ✓ Dataset: SOL-EUR_1H_20230101-20251231.csv found
2026-01-05 08:18:13,972 - runpod_main - INFO - Checking dependencies...
2026-01-05 08:18:13,973 - runpod_main - DEBUG -   ✓ torch
2026-01-05 08:18:14,191 - matplotlib - DEBUG - matplotlib data path: /usr/local/lib/python3.11/dist-packages/matplotlib/mpl-data
2026-01-05 08:18:14,196 - matplotlib - DEBUG - CONFIGDIR=/root/.config/matplotlib
2026-01-05 08:18:14,197 - matplotlib - DEBUG - interactive is False
2026-01-05 08:18:14,198 - matplotlib - DEBUG - platform is linux
2026-01-05 08:18:14,217 - matplotlib - DEBUG - CACHEDIR=/root/.cache/matplotlib
2026-01-05 08:18:14,218 - matplotlib.font_manager - DEBUG - Using fontManager instance from /root/.cache/matplotlib/fontlist-v390.json
2026-01-05 08:18:14,382 - runpod_main - DEBUG -   ✓ stable_baselines3
2026-01-05 08:18:14,383 - runpod_main - DEBUG -   ✓ pandas
2026-01-05 08:18:14,383 - runpod_main - DEBUG -   ✓ numpy
2026-01-05 08:18:14,384 - runpod_main - INFO - Checking write permissions...
2026-01-05 08:18:14,384 - runpod_main - DEBUG -   ✓ models/: writable
2026-01-05 08:18:14,385 - runpod_main - DEBUG -   ✓ models/: writable
2026-01-05 08:18:14,387 - runpod_main - DEBUG -   ✓ checkpoints/: writable
2026-01-05 08:18:14,387 - runpod_main - INFO - ============================================================
2026-01-05 08:18:14,387 - runpod_main - INFO - ✓ All pre-flight checks passed
2026-01-05 08:18:14,388 - runpod_main - INFO - ============================================================
2026-01-05 08:18:14,388 - runpod_main - INFO - Starting training pipeline...
2026-01-05 08:18:14,389 - runpod_main - INFO - ============================================================
2026-01-05 08:18:14,390 - runpod_main - INFO - Executing training script...
2026-01-05 08:22:05,010 - runpod_main - INFO - ============================================================
2026-01-05 08:22:05,011 - runpod_main - INFO - Training pipeline completed successfully!
2026-01-05 08:22:05,011 - runpod_main - INFO - ============================================================
