2026-01-05 08:37:36,845 - runpod_main - INFO - Logging to: /workspace/bot2026/logs/training_20260105_083736.log
2026-01-05 08:37:36,846 - runpod_main - INFO - ============================================================
2026-01-05 08:37:36,846 - runpod_main - INFO - RunPod Training Pipeline
2026-01-05 08:37:36,847 - runpod_main - INFO - ============================================================
2026-01-05 08:37:36,847 - runpod_main - INFO - Project path: /workspace/bot2026
2026-01-05 08:37:36,847 - runpod_main - INFO - Dataset: SOL-EUR_1H_20230101-20251231
2026-01-05 08:37:36,848 - runpod_main - INFO - ============================================================
2026-01-05 08:37:36,848 - runpod_main - INFO - Pre-flight Validation
2026-01-05 08:37:36,848 - runpod_main - INFO - ============================================================
2026-01-05 08:37:36,849 - runpod_main - INFO - Checking disk space...
2026-01-05 08:37:36,849 - runpod_main - INFO -   ✓ Disk space: 192078.45 GB free
2026-01-05 08:37:36,849 - runpod_main - INFO - Checking memory...
2026-01-05 08:37:36,857 - runpod_main - INFO -   ✓ Memory: 866.90 GB available
2026-01-05 08:37:36,857 - runpod_main - INFO - Checking GPU...
2026-01-05 08:37:38,086 - runpod_main - INFO -   ✓ GPU: NVIDIA GeForce RTX 4090
2026-01-05 08:37:38,086 - runpod_main - INFO - Checking network connectivity...
2026-01-05 08:37:38,130 - runpod_main - INFO -   ✓ Network: Connected to GitHub
2026-01-05 08:37:38,130 - runpod_main - INFO - Checking dataset...
2026-01-05 08:37:38,258 - runpod_main - INFO -   ✓ Dataset: SOL-EUR_1H_20230101-20251231.csv found
2026-01-05 08:37:38,258 - runpod_main - INFO - Checking dependencies...
2026-01-05 08:37:38,258 - runpod_main - DEBUG -   ✓ torch
2026-01-05 08:37:38,455 - matplotlib - DEBUG - matplotlib data path: /usr/local/lib/python3.11/dist-packages/matplotlib/mpl-data
2026-01-05 08:37:38,460 - matplotlib - DEBUG - CONFIGDIR=/root/.config/matplotlib
2026-01-05 08:37:38,461 - matplotlib - DEBUG - interactive is False
2026-01-05 08:37:38,461 - matplotlib - DEBUG - platform is linux
2026-01-05 08:37:38,479 - matplotlib - DEBUG - CACHEDIR=/root/.cache/matplotlib
2026-01-05 08:37:38,480 - matplotlib.font_manager - DEBUG - Using fontManager instance from /root/.cache/matplotlib/fontlist-v390.json
2026-01-05 08:37:38,645 - runpod_main - DEBUG -   ✓ stable_baselines3
2026-01-05 08:37:38,646 - runpod_main - DEBUG -   ✓ pandas
2026-01-05 08:37:38,647 - runpod_main - DEBUG -   ✓ numpy
2026-01-05 08:37:38,647 - runpod_main - INFO - Checking write permissions...
2026-01-05 08:37:38,648 - runpod_main - DEBUG -   ✓ models/: writable
2026-01-05 08:37:38,650 - runpod_main - DEBUG -   ✓ models/: writable
2026-01-05 08:37:38,651 - runpod_main - DEBUG -   ✓ checkpoints/: writable
2026-01-05 08:37:38,652 - runpod_main - INFO - ============================================================
2026-01-05 08:37:38,652 - runpod_main - INFO - ✓ All pre-flight checks passed
2026-01-05 08:37:38,652 - runpod_main - INFO - ============================================================
2026-01-05 08:37:38,653 - runpod_main - INFO - Starting training pipeline...
2026-01-05 08:37:38,653 - runpod_main - INFO - ============================================================
2026-01-05 08:37:38,654 - runpod_main - INFO - Executing training script...
