2026-01-05 08:35:45,525 - runpod_main - INFO - Logging to: /workspace/bot2026/logs/training_20260105_083545.log
2026-01-05 08:35:45,526 - runpod_main - INFO - ============================================================
2026-01-05 08:35:45,526 - runpod_main - INFO - RunPod Training Pipeline
2026-01-05 08:35:45,527 - runpod_main - INFO - ============================================================
2026-01-05 08:35:45,527 - runpod_main - INFO - Project path: /workspace/bot2026
2026-01-05 08:35:45,527 - runpod_main - INFO - Dataset: SOL-EUR_1H_20230101-20251231
2026-01-05 08:35:45,527 - runpod_main - INFO - ============================================================
2026-01-05 08:35:45,528 - runpod_main - INFO - Pre-flight Validation
2026-01-05 08:35:45,528 - runpod_main - INFO - ============================================================
2026-01-05 08:35:45,528 - runpod_main - INFO - Checking disk space...
2026-01-05 08:35:45,529 - runpod_main - INFO -   ✓ Disk space: 192236.48 GB free
2026-01-05 08:35:45,529 - runpod_main - INFO - Checking memory...
2026-01-05 08:35:45,536 - runpod_main - INFO -   ✓ Memory: 872.18 GB available
2026-01-05 08:35:45,537 - runpod_main - INFO - Checking GPU...
2026-01-05 08:35:46,774 - runpod_main - INFO -   ✓ GPU: NVIDIA GeForce RTX 4090
2026-01-05 08:35:46,775 - runpod_main - INFO - Checking network connectivity...
2026-01-05 08:35:46,824 - runpod_main - INFO -   ✓ Network: Connected to GitHub
2026-01-05 08:35:46,824 - runpod_main - INFO - Checking dataset...
2026-01-05 08:35:46,953 - runpod_main - INFO -   ✓ Dataset: SOL-EUR_1H_20230101-20251231.csv found
2026-01-05 08:35:46,953 - runpod_main - INFO - Checking dependencies...
2026-01-05 08:35:46,954 - runpod_main - DEBUG -   ✓ torch
2026-01-05 08:35:47,153 - matplotlib - DEBUG - matplotlib data path: /usr/local/lib/python3.11/dist-packages/matplotlib/mpl-data
2026-01-05 08:35:47,157 - matplotlib - DEBUG - CONFIGDIR=/root/.config/matplotlib
2026-01-05 08:35:47,159 - matplotlib - DEBUG - interactive is False
2026-01-05 08:35:47,159 - matplotlib - DEBUG - platform is linux
2026-01-05 08:35:47,177 - matplotlib - DEBUG - CACHEDIR=/root/.cache/matplotlib
2026-01-05 08:35:47,178 - matplotlib.font_manager - DEBUG - Using fontManager instance from /root/.cache/matplotlib/fontlist-v390.json
2026-01-05 08:35:47,344 - runpod_main - DEBUG -   ✓ stable_baselines3
2026-01-05 08:35:47,345 - runpod_main - DEBUG -   ✓ pandas
2026-01-05 08:35:47,345 - runpod_main - DEBUG -   ✓ numpy
2026-01-05 08:35:47,346 - runpod_main - INFO - Checking write permissions...
2026-01-05 08:35:47,347 - runpod_main - DEBUG -   ✓ models/: writable
2026-01-05 08:35:47,348 - runpod_main - DEBUG -   ✓ models/: writable
2026-01-05 08:35:47,349 - runpod_main - DEBUG -   ✓ checkpoints/: writable
2026-01-05 08:35:47,349 - runpod_main - INFO - ============================================================
2026-01-05 08:35:47,349 - runpod_main - INFO - ✓ All pre-flight checks passed
2026-01-05 08:35:47,350 - runpod_main - INFO - ============================================================
2026-01-05 08:35:47,350 - runpod_main - INFO - Starting training pipeline...
2026-01-05 08:35:47,350 - runpod_main - INFO - ============================================================
2026-01-05 08:35:47,351 - runpod_main - INFO - Executing training script...
