2026-01-04 07:13:44,311 - runpod_main - INFO - Logging to: /workspace/bot2026/logs/training_20260104_071344.log
2026-01-04 07:13:44,313 - runpod_main - INFO - ============================================================
2026-01-04 07:13:44,314 - runpod_main - INFO - RunPod Training Pipeline
2026-01-04 07:13:44,317 - runpod_main - INFO - ============================================================
2026-01-04 07:13:44,319 - runpod_main - INFO - Project path: /workspace/bot2026
2026-01-04 07:13:44,321 - runpod_main - INFO - Dataset: ADA-EUR_1H_20240101-20251231
2026-01-04 07:13:44,322 - runpod_main - INFO - ============================================================
2026-01-04 07:13:44,324 - runpod_main - INFO - Pre-flight Validation
2026-01-04 07:13:44,325 - runpod_main - INFO - ============================================================
2026-01-04 07:13:44,326 - runpod_main - INFO - Checking disk space...
2026-01-04 07:13:44,329 - runpod_main - INFO -   ✓ Disk space: 195604.39 GB free
2026-01-04 07:13:44,331 - runpod_main - INFO - Checking memory...
2026-01-04 07:13:44,400 - runpod_main - INFO -   ✓ Memory: 194.36 GB available
2026-01-04 07:13:44,404 - runpod_main - INFO - Checking GPU...
2026-01-04 07:13:54,368 - runpod_main - INFO -   ✓ GPU: NVIDIA GeForce RTX 4090
2026-01-04 07:13:54,370 - runpod_main - INFO - Checking network connectivity...
2026-01-04 07:13:54,432 - runpod_main - INFO -   ✓ Network: Connected to GitHub
2026-01-04 07:13:54,434 - runpod_main - INFO - Checking dataset...
2026-01-04 07:13:55,646 - runpod_main - INFO -   ✓ Dataset: ADA-EUR_1H_20240101-20251231.csv found
2026-01-04 07:13:55,648 - runpod_main - INFO - Checking dependencies...
2026-01-04 07:13:55,649 - runpod_main - DEBUG -   ✓ torch
2026-01-04 07:13:57,345 - matplotlib - DEBUG - matplotlib data path: /usr/local/lib/python3.11/dist-packages/matplotlib/mpl-data
2026-01-04 07:13:57,381 - matplotlib - DEBUG - CONFIGDIR=/root/.config/matplotlib
2026-01-04 07:13:57,388 - matplotlib - DEBUG - interactive is False
2026-01-04 07:13:57,391 - matplotlib - DEBUG - platform is linux
2026-01-04 07:13:57,555 - matplotlib - DEBUG - CACHEDIR=/root/.cache/matplotlib
2026-01-04 07:13:57,562 - matplotlib.font_manager - DEBUG - Using fontManager instance from /root/.cache/matplotlib/fontlist-v390.json
2026-01-04 07:13:59,220 - runpod_main - DEBUG -   ✓ stable_baselines3
2026-01-04 07:13:59,222 - runpod_main - DEBUG -   ✓ pandas
2026-01-04 07:13:59,225 - runpod_main - DEBUG -   ✓ numpy
2026-01-04 07:13:59,226 - runpod_main - INFO - Checking write permissions...
2026-01-04 07:13:59,230 - runpod_main - DEBUG -   ✓ models/: writable
2026-01-04 07:13:59,234 - runpod_main - DEBUG -   ✓ models/: writable
2026-01-04 07:13:59,238 - runpod_main - DEBUG -   ✓ checkpoints/: writable
2026-01-04 07:13:59,240 - runpod_main - INFO - ============================================================
2026-01-04 07:13:59,242 - runpod_main - INFO - ✓ All pre-flight checks passed
2026-01-04 07:13:59,243 - runpod_main - INFO - ============================================================
2026-01-04 07:13:59,245 - runpod_main - INFO - Starting training pipeline...
2026-01-04 07:13:59,247 - runpod_main - INFO - ============================================================
2026-01-04 07:13:59,250 - runpod_main - INFO - Executing training script...
